<?xml version="1.0" encoding="UTF-8"?>
<testsuite name="com.revolut.controller.ApplicationIntegrationTest" tests="3" skipped="0" failures="0" errors="0" timestamp="2019-09-22T13:17:11" hostname="Home-Lenovo" time="0.452">
  <properties/>
  <testcase name="testAccountNotExist" classname="com.revolut.controller.ApplicationIntegrationTest" time="0.126"/>
  <testcase name="testBalanceTransfer" classname="com.revolut.controller.ApplicationIntegrationTest" time="0.236"/>
  <testcase name="testInsufficientFunds" classname="com.revolut.controller.ApplicationIntegrationTest" time="0.09"/>
  <system-out><![CDATA[14:17:09.412 [Test worker] DEBUG com.revolut.Application - config tree:
??? merge of system properties
 ??? args
  ??? org/jooby/spi/server.conf @ jar:file:/C:/Users/hiran/.gradle/caches/modules-2/files-2.1/org.jooby/jooby-jetty/1.1.3/5e5db5c91a2a25eac189efc4a3a570f62cffa01a/jooby-jetty-1.1.3.jar!/org/jooby/spi/server.conf
   ??? org/jooby/mime.properties @ jar:file:/C:/Users/hiran/.gradle/caches/modules-2/files-2.1/org.jooby/jooby/1.1.3/22aefe616c6679d308c1e7930b60137aafe68257/jooby-1.1.3.jar!/org/jooby/mime.properties
    ??? org/jooby/jooby.conf @ jar:file:/C:/Users/hiran/.gradle/caches/modules-2/files-2.1/org.jooby/jooby/1.1.3/22aefe616c6679d308c1e7930b60137aafe68257/jooby-1.1.3.jar!/org/jooby/jooby.conf: 1

14:17:09.448 [Test worker] DEBUG org.eclipse.jetty.util.log - Logging to Logger[org.eclipse.jetty.util.log] via org.eclipse.jetty.util.log.Slf4jLog
14:17:09.451 [Test worker] INFO org.eclipse.jetty.util.log - Logging initialized @1473ms to org.eclipse.jetty.util.log.Slf4jLog
14:17:09.460 [Test worker] DEBUG org.jooby.spi.Server - QueuedThreadPool.setMinThreads(4)
14:17:09.461 [Test worker] DEBUG org.jooby.spi.Server - QueuedThreadPool.setIdleTimeout(60000)
14:17:09.461 [Test worker] DEBUG org.jooby.spi.Server - QueuedThreadPool.setMaxThreads(32)
14:17:09.461 [Test worker] DEBUG org.jooby.spi.Server - QueuedThreadPool.setName(jetty task)
14:17:09.471 [Test worker] DEBUG org.eclipse.jetty.util.component.ContainerLifeCycle - org.eclipse.jetty.server.Server@11daaf added {jetty task{STOPPED,4<=0<=32,i=0,q=0},AUTO}
14:17:09.484 [Test worker] DEBUG org.jooby.spi.Server - HttpConfiguration.setRequestHeaderSize(8192)
14:17:09.485 [Test worker] DEBUG org.jooby.spi.Server - HttpConfiguration.setSendXPoweredBy(false)
14:17:09.485 [Test worker] DEBUG org.jooby.spi.Server - HttpConfiguration.setHeaderCacheSize(8192)
14:17:09.485 [Test worker] DEBUG org.jooby.spi.Server - HttpConfiguration.setSendServerVersion(false)
14:17:09.485 [Test worker] DEBUG org.jooby.spi.Server - HttpConfiguration.setSendDateHeader(false)
14:17:09.485 [Test worker] DEBUG org.jooby.spi.Server - HttpConfiguration.setOutputBufferSize(16384)
14:17:09.486 [Test worker] DEBUG org.jooby.spi.Server - HttpConfiguration.setResponseHeaderSize(8192)
14:17:09.498 [Test worker] DEBUG org.eclipse.jetty.util.component.ContainerLifeCycle - HttpConnectionFactory@4edb3e8d[HTTP/1.1] added {HttpConfiguration@496e26f3{16384/4096,8192/8192,https://:0,[]},POJO}
14:17:09.501 [Test worker] DEBUG org.eclipse.jetty.util.component.ContainerLifeCycle - ServerConnector@53bd4614{null,[]}{0.0.0.0:0} added {org.eclipse.jetty.server.Server@11daaf,UNMANAGED}
14:17:09.502 [Test worker] DEBUG org.eclipse.jetty.util.component.ContainerLifeCycle - ServerConnector@53bd4614{null,[]}{0.0.0.0:0} added {jetty task{STOPPED,4<=0<=32,i=0,q=0},AUTO}
14:17:09.503 [Test worker] DEBUG org.eclipse.jetty.util.component.ContainerLifeCycle - ServerConnector@53bd4614{null,[]}{0.0.0.0:0} added {org.eclipse.jetty.util.thread.ScheduledExecutorScheduler@47909c2d,AUTO}
14:17:09.503 [Test worker] DEBUG org.eclipse.jetty.util.component.ContainerLifeCycle - ServerConnector@53bd4614{null,[]}{0.0.0.0:0} added {org.eclipse.jetty.io.ArrayByteBufferPool@3407398a,POJO}
14:17:09.504 [Test worker] DEBUG org.eclipse.jetty.util.component.ContainerLifeCycle - ServerConnector@53bd4614{null,[http/1.1]}{0.0.0.0:0} added {HttpConnectionFactory@4edb3e8d[HTTP/1.1],AUTO}
14:17:09.505 [Test worker] DEBUG org.eclipse.jetty.server.AbstractConnector - ServerConnector@53bd4614{HTTP/1.1,[http/1.1]}{0.0.0.0:0} added HttpConnectionFactory@4edb3e8d[HTTP/1.1]
14:17:09.506 [Test worker] DEBUG org.eclipse.jetty.util.component.ContainerLifeCycle - ServerConnector@53bd4614{HTTP/1.1,[http/1.1]}{0.0.0.0:0} added {org.eclipse.jetty.server.ServerConnector$ServerConnectorManager@30ab28be,MANAGED}
14:17:09.508 [Test worker] DEBUG org.jooby.spi.Server - ServerConnector.setSoLingerTime(-1)
14:17:09.508 [Test worker] DEBUG org.jooby.spi.Server - ServerConnector.setIdleTimeout(0)
14:17:09.509 [Test worker] DEBUG org.jooby.spi.Server - ServerConnector.setStopTimeout(30000)
14:17:09.509 [Test worker] DEBUG org.jooby.spi.Server - ServerConnector.setAcceptQueueSize(0)
14:17:09.509 [Test worker] DEBUG org.eclipse.jetty.util.component.ContainerLifeCycle - org.eclipse.jetty.server.Server@11daaf added {ServerConnector@53bd4614{HTTP/1.1,[http/1.1]}{localhost:8080},AUTO}
14:17:09.518 [Test worker] DEBUG org.jooby.spi.Server - WebSocketPolicy.setAsyncWriteTimeout(60000)
14:17:09.518 [Test worker] DEBUG org.jooby.spi.Server - WebSocketPolicy.setIdleTimeout(300000)
14:17:09.519 [Test worker] DEBUG org.jooby.spi.Server - WebSocketPolicy.setMaxBinaryMessageBufferSize(32768)
14:17:09.519 [Test worker] DEBUG org.jooby.spi.Server - WebSocketPolicy.setMaxTextMessageSize(16384)
14:17:09.519 [Test worker] DEBUG org.jooby.spi.Server - WebSocketPolicy.setMaxBinaryMessageSize(16384)
14:17:09.519 [Test worker] DEBUG org.jooby.spi.Server - WebSocketPolicy.setMaxTextMessageBufferSize(32768)
14:17:09.520 [Test worker] DEBUG org.jooby.spi.Server - WebSocketPolicy.setInputBufferSize(4096)
14:17:09.528 [Test worker] DEBUG org.eclipse.jetty.util.component.ContainerLifeCycle - org.eclipse.jetty.websocket.server.WebSocketServerFactory@762f7b73 added {org.eclipse.jetty.util.thread.ScheduledExecutorScheduler@3e2dfe61,AUTO}
14:17:09.529 [Test worker] DEBUG org.eclipse.jetty.util.component.ContainerLifeCycle - org.eclipse.jetty.websocket.server.WebSocketServerFactory@762f7b73 added {org.eclipse.jetty.io.MappedByteBufferPool@10935129,POJO}
14:17:09.548 [Test worker] DEBUG org.eclipse.jetty.util.component.ContainerLifeCycle - org.jooby.internal.jetty.JettyHandler@3f024c6a added {org.eclipse.jetty.websocket.server.WebSocketServerFactory@762f7b73,MANAGED}
14:17:09.548 [Test worker] DEBUG org.eclipse.jetty.util.component.ContainerLifeCycle - o.e.j.s.h.ContextHandler@38453928{/,null,null} added {org.jooby.internal.jetty.JettyHandler@3f024c6a,MANAGED}
14:17:09.549 [Test worker] DEBUG org.eclipse.jetty.util.component.ContainerLifeCycle - org.eclipse.jetty.server.Server@11daaf added {o.e.j.s.h.ContextHandler@38453928{/,null,null},MANAGED}
14:17:09.549 [Test worker] DEBUG org.eclipse.jetty.util.component.AbstractLifeCycle - starting org.eclipse.jetty.server.Server@11daaf
14:17:09.551 [Test worker] DEBUG org.eclipse.jetty.util.component.ContainerLifeCycle - org.eclipse.jetty.server.Server@11daaf added {org.eclipse.jetty.server.handler.ErrorHandler@2f7963f8,AUTO}
14:17:09.552 [Test worker] INFO org.eclipse.jetty.server.Server - jetty-9.4.3.v20170317
14:17:09.563 [Test worker] DEBUG org.eclipse.jetty.server.handler.AbstractHandler - starting org.eclipse.jetty.server.Server@11daaf
14:17:09.563 [Test worker] DEBUG org.eclipse.jetty.util.component.AbstractLifeCycle - starting jetty task{STOPPED,4<=0<=32,i=0,q=0}
14:17:09.564 [Test worker] DEBUG org.eclipse.jetty.util.component.AbstractLifeCycle - STARTED @1586ms jetty task{STARTED,4<=4<=32,i=0,q=0}
14:17:09.564 [Test worker] DEBUG org.eclipse.jetty.util.component.AbstractLifeCycle - starting o.e.j.s.h.ContextHandler@38453928{/,null,null}
14:17:09.573 [Test worker] DEBUG org.eclipse.jetty.http.PreEncodedHttpField - HttpField encoders loaded: [org.eclipse.jetty.http.Http1FieldPreEncoder@fe39984, org.eclipse.jetty.http2.hpack.HpackFieldPreEncoder@52ef0b21]
14:17:09.585 [Test worker] DEBUG org.eclipse.jetty.server.handler.AbstractHandler - starting o.e.j.s.h.ContextHandler@38453928{/,null,STARTING}
14:17:09.585 [Test worker] DEBUG org.eclipse.jetty.util.component.AbstractLifeCycle - starting org.jooby.internal.jetty.JettyHandler@3f024c6a
14:17:09.585 [Test worker] DEBUG org.eclipse.jetty.server.handler.AbstractHandler - starting org.jooby.internal.jetty.JettyHandler@3f024c6a
14:17:09.585 [Test worker] DEBUG org.eclipse.jetty.util.component.AbstractLifeCycle - starting org.eclipse.jetty.websocket.server.WebSocketServerFactory@762f7b73
14:17:09.585 [Test worker] DEBUG org.eclipse.jetty.util.component.AbstractLifeCycle - starting org.eclipse.jetty.util.thread.ScheduledExecutorScheduler@3e2dfe61
14:17:09.586 [Test worker] DEBUG org.eclipse.jetty.util.component.AbstractLifeCycle - STARTED @1609ms org.eclipse.jetty.util.thread.ScheduledExecutorScheduler@3e2dfe61
14:17:09.587 [Test worker] DEBUG org.eclipse.jetty.util.component.AbstractLifeCycle - STARTED @1609ms org.eclipse.jetty.websocket.server.WebSocketServerFactory@762f7b73
14:17:09.587 [Test worker] DEBUG org.eclipse.jetty.util.component.AbstractLifeCycle - STARTED @1609ms org.jooby.internal.jetty.JettyHandler@3f024c6a
14:17:09.587 [Test worker] INFO org.eclipse.jetty.server.handler.ContextHandler - Started o.e.j.s.h.ContextHandler@38453928{/,null,AVAILABLE}
14:17:09.587 [Test worker] DEBUG org.eclipse.jetty.util.component.AbstractLifeCycle - STARTED @1610ms o.e.j.s.h.ContextHandler@38453928{/,null,AVAILABLE}
14:17:09.587 [Test worker] DEBUG org.eclipse.jetty.util.component.AbstractLifeCycle - starting org.eclipse.jetty.server.handler.ErrorHandler@2f7963f8
14:17:09.587 [Test worker] DEBUG org.eclipse.jetty.server.handler.AbstractHandler - starting org.eclipse.jetty.server.handler.ErrorHandler@2f7963f8
14:17:09.587 [Test worker] DEBUG org.eclipse.jetty.util.component.AbstractLifeCycle - STARTED @1610ms org.eclipse.jetty.server.handler.ErrorHandler@2f7963f8
14:17:09.587 [Test worker] DEBUG org.eclipse.jetty.util.component.AbstractLifeCycle - starting ServerConnector@53bd4614{HTTP/1.1,[http/1.1]}{localhost:8080}
14:17:09.588 [Test worker] DEBUG org.eclipse.jetty.util.component.ContainerLifeCycle - ServerConnector@53bd4614{HTTP/1.1,[http/1.1]}{localhost:8080} added {sun.nio.ch.ServerSocketChannelImpl[/127.0.0.1:8080],POJO}
14:17:09.589 [Test worker] DEBUG org.eclipse.jetty.util.component.AbstractLifeCycle - starting org.eclipse.jetty.util.thread.ScheduledExecutorScheduler@47909c2d
14:17:09.589 [Test worker] DEBUG org.eclipse.jetty.util.component.AbstractLifeCycle - STARTED @1612ms org.eclipse.jetty.util.thread.ScheduledExecutorScheduler@47909c2d
14:17:09.589 [Test worker] DEBUG org.eclipse.jetty.util.component.AbstractLifeCycle - starting HttpConnectionFactory@4edb3e8d[HTTP/1.1]
14:17:09.590 [Test worker] DEBUG org.eclipse.jetty.util.component.AbstractLifeCycle - STARTED @1612ms HttpConnectionFactory@4edb3e8d[HTTP/1.1]
14:17:09.590 [Test worker] DEBUG org.eclipse.jetty.util.component.AbstractLifeCycle - starting org.eclipse.jetty.server.ServerConnector$ServerConnectorManager@30ab28be
14:17:09.594 [Test worker] DEBUG org.eclipse.jetty.util.component.ContainerLifeCycle - org.eclipse.jetty.server.ServerConnector$ServerConnectorManager@30ab28be added {org.eclipse.jetty.io.ManagedSelector@584047b5 id=0 keys=-1 selected=-1,AUTO}
14:17:09.594 [Test worker] DEBUG org.eclipse.jetty.util.component.ContainerLifeCycle - org.eclipse.jetty.server.ServerConnector$ServerConnectorManager@30ab28be added {org.eclipse.jetty.io.ManagedSelector@3803d43d id=1 keys=-1 selected=-1,AUTO}
14:17:09.594 [Test worker] DEBUG org.eclipse.jetty.util.component.AbstractLifeCycle - starting org.eclipse.jetty.io.ManagedSelector@584047b5 id=0 keys=-1 selected=-1
14:17:09.595 [Test worker] DEBUG org.eclipse.jetty.util.thread.QueuedThreadPool - queue org.eclipse.jetty.io.ManagedSelector$$Lambda$111/715904797@c2f5c49
14:17:09.596 [jetty task-16] DEBUG org.eclipse.jetty.util.thread.QueuedThreadPool - run org.eclipse.jetty.io.ManagedSelector$$Lambda$111/715904797@c2f5c49
14:17:09.596 [Test worker] DEBUG org.eclipse.jetty.util.thread.QueuedThreadPool - queue org.eclipse.jetty.io.ManagedSelector$$Lambda$112/443976155@6e91a6b7
14:17:09.596 [jetty task-16] DEBUG org.eclipse.jetty.util.thread.strategy.ExecuteProduceConsume - EPC Idle/org.eclipse.jetty.io.ManagedSelector$SelectorProducer@6ec67bbc execute
14:17:09.596 [jetty task-17] DEBUG org.eclipse.jetty.util.thread.QueuedThreadPool - run org.eclipse.jetty.io.ManagedSelector$$Lambda$112/443976155@6e91a6b7
14:17:09.596 [Test worker] DEBUG org.eclipse.jetty.util.component.AbstractLifeCycle - STARTED @1619ms org.eclipse.jetty.io.ManagedSelector@584047b5 id=0 keys=0 selected=0
14:17:09.596 [jetty task-16] DEBUG org.eclipse.jetty.util.thread.strategy.ExecuteProduceConsume - EPC Prod/org.eclipse.jetty.io.ManagedSelector$SelectorProducer@6ec67bbc produce enter
14:17:09.596 [jetty task-16] DEBUG org.eclipse.jetty.util.thread.strategy.ExecuteProduceConsume - EPC Prod/org.eclipse.jetty.io.ManagedSelector$SelectorProducer@6ec67bbc producing
14:17:09.596 [Test worker] DEBUG org.eclipse.jetty.util.component.AbstractLifeCycle - starting org.eclipse.jetty.io.ManagedSelector@3803d43d id=1 keys=-1 selected=-1
14:17:09.597 [jetty task-16] DEBUG org.eclipse.jetty.io.ManagedSelector - Selector loop waiting on select
14:17:09.598 [Test worker] DEBUG org.eclipse.jetty.util.thread.QueuedThreadPool - queue org.eclipse.jetty.io.ManagedSelector$$Lambda$111/715904797@18aa6238
14:17:09.598 [Test worker] DEBUG org.eclipse.jetty.util.thread.QueuedThreadPool - queue org.eclipse.jetty.io.ManagedSelector$$Lambda$112/443976155@12a5df8
14:17:09.598 [jetty task-18] DEBUG org.eclipse.jetty.util.thread.QueuedThreadPool - run org.eclipse.jetty.io.ManagedSelector$$Lambda$111/715904797@18aa6238
14:17:09.598 [Test worker] DEBUG org.eclipse.jetty.util.component.AbstractLifeCycle - STARTED @1621ms org.eclipse.jetty.io.ManagedSelector@3803d43d id=1 keys=0 selected=0
14:17:09.598 [jetty task-18] DEBUG org.eclipse.jetty.util.thread.strategy.ExecuteProduceConsume - EPC Idle/org.eclipse.jetty.io.ManagedSelector$SelectorProducer@6f90d7cf execute
14:17:09.598 [Test worker] DEBUG org.eclipse.jetty.util.component.AbstractLifeCycle - STARTED @1621ms org.eclipse.jetty.server.ServerConnector$ServerConnectorManager@30ab28be
14:17:09.598 [jetty task-19] DEBUG org.eclipse.jetty.util.thread.QueuedThreadPool - run org.eclipse.jetty.io.ManagedSelector$$Lambda$112/443976155@12a5df8
14:17:09.598 [jetty task-18] DEBUG org.eclipse.jetty.util.thread.strategy.ExecuteProduceConsume - EPC Prod/org.eclipse.jetty.io.ManagedSelector$SelectorProducer@6f90d7cf produce enter
14:17:09.599 [jetty task-18] DEBUG org.eclipse.jetty.util.thread.strategy.ExecuteProduceConsume - EPC Prod/org.eclipse.jetty.io.ManagedSelector$SelectorProducer@6f90d7cf producing
14:17:09.599 [jetty task-18] DEBUG org.eclipse.jetty.io.ManagedSelector - Selector loop waiting on select
14:17:09.600 [Test worker] DEBUG org.eclipse.jetty.util.component.ContainerLifeCycle - ServerConnector@53bd4614{HTTP/1.1,[http/1.1]}{localhost:8080} added {acceptor-0@78b9b1c,POJO}
14:17:09.600 [Test worker] DEBUG org.eclipse.jetty.util.thread.QueuedThreadPool - queue acceptor-0@78b9b1c
14:17:09.600 [Test worker] INFO org.eclipse.jetty.server.AbstractConnector - Started ServerConnector@53bd4614{HTTP/1.1,[http/1.1]}{localhost:8080}
14:17:09.600 [Test worker] DEBUG org.eclipse.jetty.util.component.AbstractLifeCycle - STARTED @1623ms ServerConnector@53bd4614{HTTP/1.1,[http/1.1]}{localhost:8080}
14:17:09.600 [Test worker] INFO org.eclipse.jetty.server.Server - Started @1623ms
14:17:09.600 [Test worker] DEBUG org.eclipse.jetty.util.component.AbstractLifeCycle - STARTED @1623ms org.eclipse.jetty.server.Server@11daaf
14:17:09.601 [jetty task-20] DEBUG org.eclipse.jetty.util.thread.QueuedThreadPool - run acceptor-0@78b9b1c
14:17:09.601 [Test worker] INFO com.revolut.Application - [dev@jetty]: Server started in 829ms

  POST /transaction           [*/*]     [*/*]    (/TransactionController.transaction)
  GET  /balance/:accountId    [*/*]     [*/*]    (/BalanceController.balance)
  POST /account/create        [*/*]     [*/*]    (/AccountController.createAccount)

listening on:
  http://localhost:8080/

14:17:10.949 [jetty task-20-acceptor-0@78b9b1c-ServerConnector@53bd4614{HTTP/1.1,[http/1.1]}{localhost:8080}] DEBUG org.eclipse.jetty.io.ManagedSelector - Queued change org.eclipse.jetty.io.ManagedSelector$Accept@53d14eb8 on org.eclipse.jetty.io.ManagedSelector@584047b5 id=0 keys=0 selected=0
14:17:10.950 [jetty task-16] DEBUG org.eclipse.jetty.io.ManagedSelector - Selector loop woken up from select, 0/0 selected
14:17:10.950 [jetty task-16] DEBUG org.eclipse.jetty.io.ManagedSelector - Running action org.eclipse.jetty.io.ManagedSelector$Accept@53d14eb8
14:17:10.950 [jetty task-16] DEBUG org.eclipse.jetty.io.ManagedSelector - Queued change org.eclipse.jetty.io.ManagedSelector$CreateEndPoint@7c7a162f on org.eclipse.jetty.io.ManagedSelector@584047b5 id=0 keys=1 selected=0
14:17:10.951 [jetty task-16] DEBUG org.eclipse.jetty.util.thread.strategy.ExecuteProduceConsume - EPC Prod/org.eclipse.jetty.io.ManagedSelector$SelectorProducer@6ec67bbc produced org.eclipse.jetty.io.ManagedSelector$CreateEndPoint@7c7a162f
14:17:10.951 [jetty task-16] DEBUG org.eclipse.jetty.util.thread.strategy.ExecuteProduceConsume - EPC Pend/org.eclipse.jetty.io.ManagedSelector$SelectorProducer@6ec67bbc dispatch
14:17:10.951 [jetty task-16] DEBUG org.eclipse.jetty.util.thread.QueuedThreadPool - queue EPC Pend/org.eclipse.jetty.io.ManagedSelector$SelectorProducer@6ec67bbc
14:17:10.951 [jetty task-16] DEBUG org.eclipse.jetty.util.thread.strategy.ExecuteProduceConsume - EPC Pend/org.eclipse.jetty.io.ManagedSelector$SelectorProducer@6ec67bbc run org.eclipse.jetty.io.ManagedSelector$CreateEndPoint@7c7a162f
14:17:10.951 [jetty task-16] DEBUG org.eclipse.jetty.util.thread.strategy.ExecutingExecutionStrategy - EPC Pend/org.eclipse.jetty.io.ManagedSelector$SelectorProducer@6ec67bbc invoke  org.eclipse.jetty.io.ManagedSelector$CreateEndPoint@7c7a162f
14:17:10.958 [jetty task-22] DEBUG org.eclipse.jetty.util.thread.QueuedThreadPool - run EPC Pend/org.eclipse.jetty.io.ManagedSelector$SelectorProducer@6ec67bbc
14:17:10.958 [jetty task-22] DEBUG org.eclipse.jetty.util.thread.strategy.ExecuteProduceConsume - EPC Pend/org.eclipse.jetty.io.ManagedSelector$SelectorProducer@6ec67bbc run
14:17:10.958 [jetty task-22] DEBUG org.eclipse.jetty.util.thread.strategy.ExecuteProduceConsume - EPC Prod/org.eclipse.jetty.io.ManagedSelector$SelectorProducer@6ec67bbc produce enter
14:17:10.962 [jetty task-16] DEBUG org.eclipse.jetty.io.AbstractEndPoint - onOpen SocketChannelEndPoint@2e1031fa{/127.0.0.1:55859<->/127.0.0.1:8080,OPEN,fill=-,flush=-,to=7/0}{io=0/0,kio=0,kro=0}-><null>
14:17:10.962 [jetty task-22] DEBUG org.eclipse.jetty.util.thread.strategy.ExecuteProduceConsume - EPC Prod/org.eclipse.jetty.io.ManagedSelector$SelectorProducer@6ec67bbc producing
14:17:10.966 [jetty task-22] DEBUG org.eclipse.jetty.io.ManagedSelector - Selector loop waiting on select
14:17:10.995 [jetty task-16] DEBUG org.eclipse.jetty.server.HttpChannel - new HttpChannelOverHttp@a42a012{r=0,c=false,a=IDLE,uri=null} -> SocketChannelEndPoint@2e1031fa{/127.0.0.1:55859<->/127.0.0.1:8080,OPEN,fill=-,flush=-,to=40/0}{io=0/0,kio=0,kro=0}-><null>,null,HttpChannelState@4ace7209{s=IDLE a=NOT_ASYNC i=true r=NONE/false w=false}
14:17:11.002 [jetty task-16] DEBUG org.eclipse.jetty.server.HttpConnection - New HTTP Connection HttpConnection@330fe33[p=HttpParser{s=START,0 of 0},g=HttpGenerator@1e749c33{s=START}]=>HttpChannelOverHttp@a42a012{r=0,c=false,a=IDLE,uri=null}<-SocketChannelEndPoint@2e1031fa{/127.0.0.1:55859<->/127.0.0.1:8080,OPEN,fill=-,flush=-,to=47/0}{io=0/0,kio=0,kro=0}-><null>
14:17:11.003 [jetty task-16] DEBUG org.eclipse.jetty.io.AbstractConnection - onOpen HttpConnection@330fe33[p=HttpParser{s=START,0 of 0},g=HttpGenerator@1e749c33{s=START}]=>HttpChannelOverHttp@a42a012{r=0,c=false,a=IDLE,uri=null}<-SocketChannelEndPoint@2e1031fa{/127.0.0.1:55859<->/127.0.0.1:8080,OPEN,fill=-,flush=-,to=47/0}{io=0/0,kio=0,kro=0}->HttpConnection@330fe33[p=HttpParser{s=START,0 of 0},g=HttpGenerator@1e749c33{s=START}]=>HttpChannelOverHttp@a42a012{r=0,c=false,a=IDLE,uri=null}
14:17:11.003 [jetty task-16] DEBUG org.eclipse.jetty.io.AbstractConnection - fillInterested HttpConnection@330fe33[p=HttpParser{s=START,0 of 0},g=HttpGenerator@1e749c33{s=START}]=>HttpChannelOverHttp@a42a012{r=0,c=false,a=IDLE,uri=null}<-SocketChannelEndPoint@2e1031fa{/127.0.0.1:55859<->/127.0.0.1:8080,OPEN,fill=-,flush=-,to=48/0}{io=0/0,kio=0,kro=0}->HttpConnection@330fe33[p=HttpParser{s=START,0 of 0},g=HttpGenerator@1e749c33{s=START}]=>HttpChannelOverHttp@a42a012{r=0,c=false,a=IDLE,uri=null}
14:17:11.005 [jetty task-16] DEBUG org.eclipse.jetty.io.FillInterest - FillInterest@9a44aa1{true,AC.ReadCB@330fe33{HttpConnection@330fe33[p=HttpParser{s=START,0 of 0},g=HttpGenerator@1e749c33{s=START}]=>HttpChannelOverHttp@a42a012{r=0,c=false,a=IDLE,uri=null}<-SocketChannelEndPoint@2e1031fa{/127.0.0.1:55859<->/127.0.0.1:8080,OPEN,fill=FI,flush=-,to=1/0}{io=0/0,kio=0,kro=0}->HttpConnection@330fe33[p=HttpParser{s=START,0 of 0},g=HttpGenerator@1e749c33{s=START}]=>HttpChannelOverHttp@a42a012{r=0,c=false,a=IDLE,uri=null}}} register AC.ReadCB@330fe33{HttpConnection@330fe33[p=HttpParser{s=START,0 of 0},g=HttpGenerator@1e749c33{s=START}]=>HttpChannelOverHttp@a42a012{r=0,c=false,a=IDLE,uri=null}<-SocketChannelEndPoint@2e1031fa{/127.0.0.1:55859<->/127.0.0.1:8080,OPEN,fill=FI,flush=-,to=1/0}{io=0/0,kio=0,kro=0}->HttpConnection@330fe33[p=HttpParser{s=START,0 of 0},g=HttpGenerator@1e749c33{s=START}]=>HttpChannelOverHttp@a42a012{r=0,c=false,a=IDLE,uri=null}}
14:17:11.005 [jetty task-16] DEBUG org.eclipse.jetty.io.ChannelEndPoint - changeInterests p=false 0->1 for SocketChannelEndPoint@2e1031fa{/127.0.0.1:55859<->/127.0.0.1:8080,OPEN,fill=FI,flush=-,to=2/0}{io=0/1,kio=0,kro=0}->HttpConnection@330fe33[p=HttpParser{s=START,0 of 0},g=HttpGenerator@1e749c33{s=START}]=>HttpChannelOverHttp@a42a012{r=0,c=false,a=IDLE,uri=null}
14:17:11.006 [jetty task-16] DEBUG org.eclipse.jetty.io.ManagedSelector - Queued change CEP:SocketChannelEndPoint@2e1031fa{/127.0.0.1:55859<->/127.0.0.1:8080,OPEN,fill=FI,flush=-,to=2/0}{io=0/1,kio=0,kro=0}->HttpConnection@330fe33[p=HttpParser{s=START,0 of 0},g=HttpGenerator@1e749c33{s=START}]=>HttpChannelOverHttp@a42a012{r=0,c=false,a=IDLE,uri=null}:runUpdateKey:NON_BLOCKING on org.eclipse.jetty.io.ManagedSelector@584047b5 id=0 keys=1 selected=0
14:17:11.006 [jetty task-22] DEBUG org.eclipse.jetty.io.ManagedSelector - Selector loop woken up from select, 0/1 selected
14:17:11.007 [jetty task-22] DEBUG org.eclipse.jetty.io.ManagedSelector - Running action CEP:SocketChannelEndPoint@2e1031fa{/127.0.0.1:55859<->/127.0.0.1:8080,OPEN,fill=FI,flush=-,to=4/0}{io=0/1,kio=0,kro=0}->HttpConnection@330fe33[p=HttpParser{s=START,0 of 0},g=HttpGenerator@1e749c33{s=START}]=>HttpChannelOverHttp@a42a012{r=0,c=false,a=IDLE,uri=null}:runUpdateKey:NON_BLOCKING
14:17:11.007 [jetty task-22] DEBUG org.eclipse.jetty.io.ChannelEndPoint - Key interests updated 0 -> 1 on SocketChannelEndPoint@2e1031fa{/127.0.0.1:55859<->/127.0.0.1:8080,OPEN,fill=FI,flush=-,to=4/0}{io=1/1,kio=1,kro=0}->HttpConnection@330fe33[p=HttpParser{s=START,0 of 0},g=HttpGenerator@1e749c33{s=START}]=>HttpChannelOverHttp@a42a012{r=0,c=false,a=IDLE,uri=null}
14:17:11.007 [jetty task-16] DEBUG org.eclipse.jetty.io.ManagedSelector - Created SocketChannelEndPoint@2e1031fa{/127.0.0.1:55859<->/127.0.0.1:8080,OPEN,fill=FI,flush=-,to=4/0}{io=1/1,kio=0,kro=0}->HttpConnection@330fe33[p=HttpParser{s=START,0 of 0},g=HttpGenerator@1e749c33{s=START}]=>HttpChannelOverHttp@a42a012{r=0,c=false,a=IDLE,uri=null}
14:17:11.007 [jetty task-22] DEBUG org.eclipse.jetty.io.ManagedSelector - Selector loop waiting on select
14:17:11.007 [jetty task-16] DEBUG org.eclipse.jetty.util.thread.strategy.ExecutingExecutionStrategy - EPC Prod/org.eclipse.jetty.io.ManagedSelector$SelectorProducer@6ec67bbc invoked org.eclipse.jetty.io.ManagedSelector$CreateEndPoint@7c7a162f
14:17:11.007 [jetty task-22] DEBUG org.eclipse.jetty.io.ManagedSelector - Selector loop woken up from select, 1/1 selected
14:17:11.007 [jetty task-16] DEBUG org.eclipse.jetty.util.thread.strategy.ExecuteProduceConsume - EPC Prod/org.eclipse.jetty.io.ManagedSelector$SelectorProducer@6ec67bbc ran org.eclipse.jetty.io.ManagedSelector$CreateEndPoint@7c7a162f
14:17:11.008 [jetty task-22] DEBUG org.eclipse.jetty.io.ManagedSelector - selected sun.nio.ch.SelectionKeyImpl@60018814 SocketChannelEndPoint@2e1031fa{/127.0.0.1:55859<->/127.0.0.1:8080,OPEN,fill=FI,flush=-,to=5/0}{io=1/1,kio=1,kro=1}->HttpConnection@330fe33[p=HttpParser{s=START,0 of 0},g=HttpGenerator@1e749c33{s=START}]=>HttpChannelOverHttp@a42a012{r=0,c=false,a=IDLE,uri=null} 
14:17:11.009 [jetty task-22] DEBUG org.eclipse.jetty.io.ChannelEndPoint - onSelected 1->0 r=true w=false for SocketChannelEndPoint@2e1031fa{/127.0.0.1:55859<->/127.0.0.1:8080,OPEN,fill=FI,flush=-,to=6/0}{io=1/0,kio=1,kro=1}->HttpConnection@330fe33[p=HttpParser{s=START,0 of 0},g=HttpGenerator@1e749c33{s=START}]=>HttpChannelOverHttp@a42a012{r=0,c=false,a=IDLE,uri=null}
14:17:11.009 [jetty task-16] DEBUG org.eclipse.jetty.util.thread.strategy.ExecuteProduceConsume - EPC Prod/org.eclipse.jetty.io.ManagedSelector$SelectorProducer@6ec67bbc produce exit
14:17:11.009 [jetty task-16] DEBUG org.eclipse.jetty.util.thread.QueuedThreadPool - ran org.eclipse.jetty.io.ManagedSelector$$Lambda$111/715904797@c2f5c49
14:17:11.009 [jetty task-22] DEBUG org.eclipse.jetty.io.ChannelEndPoint - task CEP:SocketChannelEndPoint@2e1031fa{/127.0.0.1:55859<->/127.0.0.1:8080,OPEN,fill=FI,flush=-,to=6/0}{io=1/0,kio=1,kro=1}->HttpConnection@330fe33[p=HttpParser{s=START,0 of 0},g=HttpGenerator@1e749c33{s=START}]=>HttpChannelOverHttp@a42a012{r=0,c=false,a=IDLE,uri=null}:runFillable:BLOCKING
14:17:11.010 [jetty task-22] DEBUG org.eclipse.jetty.util.thread.strategy.ExecuteProduceConsume - EPC Prod/org.eclipse.jetty.io.ManagedSelector$SelectorProducer@6ec67bbc produced CEP:SocketChannelEndPoint@2e1031fa{/127.0.0.1:55859<->/127.0.0.1:8080,OPEN,fill=FI,flush=-,to=7/0}{io=1/0,kio=1,kro=1}->HttpConnection@330fe33[p=HttpParser{s=START,0 of 0},g=HttpGenerator@1e749c33{s=START}]=>HttpChannelOverHttp@a42a012{r=0,c=false,a=IDLE,uri=null}:runFillable:BLOCKING
14:17:11.010 [jetty task-22] DEBUG org.eclipse.jetty.util.thread.strategy.ExecuteProduceConsume - EPC Pend/org.eclipse.jetty.io.ManagedSelector$SelectorProducer@6ec67bbc dispatch
14:17:11.010 [jetty task-22] DEBUG org.eclipse.jetty.util.thread.QueuedThreadPool - queue EPC Pend/org.eclipse.jetty.io.ManagedSelector$SelectorProducer@6ec67bbc
14:17:11.010 [jetty task-22] DEBUG org.eclipse.jetty.util.thread.strategy.ExecuteProduceConsume - EPC Pend/org.eclipse.jetty.io.ManagedSelector$SelectorProducer@6ec67bbc run CEP:SocketChannelEndPoint@2e1031fa{/127.0.0.1:55859<->/127.0.0.1:8080,OPEN,fill=FI,flush=-,to=7/0}{io=1/0,kio=1,kro=1}->HttpConnection@330fe33[p=HttpParser{s=START,0 of 0},g=HttpGenerator@1e749c33{s=START}]=>HttpChannelOverHttp@a42a012{r=0,c=false,a=IDLE,uri=null}:runFillable:BLOCKING
14:17:11.011 [jetty task-22] DEBUG org.eclipse.jetty.util.thread.strategy.ExecutingExecutionStrategy - EPC Pend/org.eclipse.jetty.io.ManagedSelector$SelectorProducer@6ec67bbc invoke  CEP:SocketChannelEndPoint@2e1031fa{/127.0.0.1:55859<->/127.0.0.1:8080,OPEN,fill=FI,flush=-,to=8/0}{io=1/0,kio=1,kro=1}->HttpConnection@330fe33[p=HttpParser{s=START,0 of 0},g=HttpGenerator@1e749c33{s=START}]=>HttpChannelOverHttp@a42a012{r=0,c=false,a=IDLE,uri=null}:runFillable:BLOCKING
14:17:11.012 [jetty task-22] DEBUG org.eclipse.jetty.io.FillInterest - FillInterest@9a44aa1{true,AC.ReadCB@330fe33{HttpConnection@330fe33[p=HttpParser{s=START,0 of 0},g=HttpGenerator@1e749c33{s=START}]=>HttpChannelOverHttp@a42a012{r=0,c=false,a=IDLE,uri=null}<-SocketChannelEndPoint@2e1031fa{/127.0.0.1:55859<->/127.0.0.1:8080,OPEN,fill=FI,flush=-,to=8/0}{io=1/0,kio=1,kro=1}->HttpConnection@330fe33[p=HttpParser{s=START,0 of 0},g=HttpGenerator@1e749c33{s=START}]=>HttpChannelOverHttp@a42a012{r=0,c=false,a=IDLE,uri=null}}} fillable AC.ReadCB@330fe33{HttpConnection@330fe33[p=HttpParser{s=START,0 of 0},g=HttpGenerator@1e749c33{s=START}]=>HttpChannelOverHttp@a42a012{r=0,c=false,a=IDLE,uri=null}<-SocketChannelEndPoint@2e1031fa{/127.0.0.1:55859<->/127.0.0.1:8080,OPEN,fill=FI,flush=-,to=8/0}{io=1/0,kio=1,kro=1}->HttpConnection@330fe33[p=HttpParser{s=START,0 of 0},g=HttpGenerator@1e749c33{s=START}]=>HttpChannelOverHttp@a42a012{r=0,c=false,a=IDLE,uri=null}}
14:17:11.012 [jetty task-22] DEBUG org.eclipse.jetty.server.HttpConnection - HttpConnection@330fe33[p=HttpParser{s=START,0 of 0},g=HttpGenerator@1e749c33{s=START}]=>HttpChannelOverHttp@a42a012{r=0,c=false,a=IDLE,uri=null}<-SocketChannelEndPoint@2e1031fa{/127.0.0.1:55859<->/127.0.0.1:8080,OPEN,fill=-,flush=-,to=9/0}{io=1/0,kio=1,kro=1}->HttpConnection@330fe33[p=HttpParser{s=START,0 of 0},g=HttpGenerator@1e749c33{s=START}]=>HttpChannelOverHttp@a42a012{r=0,c=false,a=IDLE,uri=null} onFillable enter HttpChannelState@4ace7209{s=IDLE a=NOT_ASYNC i=true r=NONE/false w=false} null
14:17:11.014 [jetty task-22] DEBUG org.eclipse.jetty.io.ChannelEndPoint - filled 343 SocketChannelEndPoint@2e1031fa{/127.0.0.1:55859<->/127.0.0.1:8080,OPEN,fill=-,flush=-,to=10/0}{io=1/0,kio=1,kro=1}->HttpConnection@330fe33[p=HttpParser{s=START,0 of 0},g=HttpGenerator@1e749c33{s=START}]=>HttpChannelOverHttp@a42a012{r=0,c=false,a=IDLE,uri=null}
14:17:11.015 [jetty task-23] DEBUG org.eclipse.jetty.util.thread.QueuedThreadPool - run EPC Pend/org.eclipse.jetty.io.ManagedSelector$SelectorProducer@6ec67bbc
14:17:11.017 [jetty task-23] DEBUG org.eclipse.jetty.util.thread.strategy.ExecuteProduceConsume - EPC Pend/org.eclipse.jetty.io.ManagedSelector$SelectorProducer@6ec67bbc run
14:17:11.017 [jetty task-22] DEBUG org.eclipse.jetty.server.HttpConnection - HttpConnection@330fe33[p=HttpParser{s=START,0 of 0},g=HttpGenerator@1e749c33{s=START}]=>HttpChannelOverHttp@a42a012{r=0,c=false,a=IDLE,uri=null}<-SocketChannelEndPoint@2e1031fa{/127.0.0.1:55859<->/127.0.0.1:8080,OPEN,fill=-,flush=-,to=3/0}{io=1/0,kio=1,kro=1}->HttpConnection@330fe33[p=HttpParser{s=START,0 of 0},g=HttpGenerator@1e749c33{s=START}]=>HttpChannelOverHttp@a42a012{r=0,c=false,a=IDLE,uri=null} filled 343 HeapByteBuffer@5a112485[p=0,l=343,c=8192,r=343]={<<<POST /account/cre...\n\r\nbalance=1000>>>\x00\x00\x00\x00\x00\x00\x00\x00\x00\x00\x00\x00\x00\x00\x00\x00\x00...\x00\x00\x00\x00\x00\x00\x00\x00\x00\x00\x00\x00\x00\x00\x00}
14:17:11.018 [jetty task-23] DEBUG org.eclipse.jetty.util.thread.strategy.ExecuteProduceConsume - EPC Prod/org.eclipse.jetty.io.ManagedSelector$SelectorProducer@6ec67bbc produce enter
14:17:11.018 [jetty task-23] DEBUG org.eclipse.jetty.util.thread.strategy.ExecuteProduceConsume - EPC Prod/org.eclipse.jetty.io.ManagedSelector$SelectorProducer@6ec67bbc producing
14:17:11.018 [jetty task-22] DEBUG org.eclipse.jetty.server.HttpConnection - HttpConnection@330fe33[p=HttpParser{s=START,0 of 0},g=HttpGenerator@1e749c33{s=START}]=>HttpChannelOverHttp@a42a012{r=0,c=false,a=IDLE,uri=null}<-SocketChannelEndPoint@2e1031fa{/127.0.0.1:55859<->/127.0.0.1:8080,OPEN,fill=-,flush=-,to=4/0}{io=1/0,kio=1,kro=1}->HttpConnection@330fe33[p=HttpParser{s=START,0 of 0},g=HttpGenerator@1e749c33{s=START}]=>HttpChannelOverHttp@a42a012{r=0,c=false,a=IDLE,uri=null} parse HeapByteBuffer@5a112485[p=0,l=343,c=8192,r=343]={<<<POST /account/cre...\n\r\nbalance=1000>>>\x00\x00\x00\x00\x00\x00\x00\x00\x00\x00\x00\x00\x00\x00\x00\x00\x00...\x00\x00\x00\x00\x00\x00\x00\x00\x00\x00\x00\x00\x00\x00\x00} {}
14:17:11.018 [jetty task-22] DEBUG org.eclipse.jetty.http.HttpParser - parseNext s=START HeapByteBuffer@5a112485[p=0,l=343,c=8192,r=343]={<<<POST /account/cre...\n\r\nbalance=1000>>>\x00\x00\x00\x00\x00\x00\x00\x00\x00\x00\x00\x00\x00\x00\x00\x00\x00...\x00\x00\x00\x00\x00\x00\x00\x00\x00\x00\x00\x00\x00\x00\x00}
14:17:11.018 [jetty task-22] DEBUG org.eclipse.jetty.http.HttpParser - START --> SPACE1
14:17:11.018 [jetty task-23] DEBUG org.eclipse.jetty.io.ChannelEndPoint - Key interests updated 1 -> 0 on SocketChannelEndPoint@2e1031fa{/127.0.0.1:55859<->/127.0.0.1:8080,OPEN,fill=-,flush=-,to=4/0}{io=0/0,kio=0,kro=1}->HttpConnection@330fe33[p=HttpParser{s=START,0 of 0},g=HttpGenerator@1e749c33{s=START}]=>HttpChannelOverHttp@a42a012{r=0,c=false,a=IDLE,uri=null}
14:17:11.018 [jetty task-23] DEBUG org.eclipse.jetty.io.ManagedSelector - Selector loop waiting on select
14:17:11.019 [jetty task-22] DEBUG org.eclipse.jetty.http.HttpParser - SPACE1 --> URI
14:17:11.019 [jetty task-22] DEBUG org.eclipse.jetty.http.HttpParser - URI --> SPACE2
14:17:11.020 [jetty task-22] DEBUG org.eclipse.jetty.http.HttpParser - SPACE2 --> REQUEST_VERSION
14:17:11.020 [jetty task-22] DEBUG org.eclipse.jetty.http.HttpParser - REQUEST_VERSION --> HEADER
14:17:11.021 [jetty task-22] DEBUG org.eclipse.jetty.http.HttpParser - HEADER:null --> VALUE
14:17:11.021 [jetty task-22] DEBUG org.eclipse.jetty.http.HttpParser - HEADER:null --> IN_VALUE
14:17:11.021 [jetty task-22] DEBUG org.eclipse.jetty.http.HttpParser - HEADER:null --> FIELD
14:17:11.022 [jetty task-22] DEBUG org.eclipse.jetty.http.HttpParser - HEADER:Content-Type: application/x-www-form-urlencoded; charset=ISO-8859-1 --> IN_VALUE
14:17:11.022 [jetty task-22] DEBUG org.eclipse.jetty.http.HttpParser - HEADER:Content-Type: application/x-www-form-urlencoded; charset=ISO-8859-1 --> FIELD
14:17:11.022 [jetty task-22] DEBUG org.eclipse.jetty.http.HttpParser - HEADER:null --> VALUE
14:17:11.022 [jetty task-22] DEBUG org.eclipse.jetty.http.HttpParser - HEADER:null --> IN_VALUE
14:17:11.022 [jetty task-22] DEBUG org.eclipse.jetty.http.HttpParser - HEADER:null --> FIELD
14:17:11.022 [jetty task-22] DEBUG org.eclipse.jetty.http.HttpParser - HEADER:null --> VALUE
14:17:11.022 [jetty task-22] DEBUG org.eclipse.jetty.http.HttpParser - HEADER:null --> IN_VALUE
14:17:11.022 [jetty task-22] DEBUG org.eclipse.jetty.http.HttpParser - HEADER:null --> FIELD
14:17:11.023 [jetty task-22] DEBUG org.eclipse.jetty.http.HttpParser - HEADER:Connection: keep-alive --> IN_VALUE
14:17:11.023 [jetty task-22] DEBUG org.eclipse.jetty.http.HttpParser - HEADER:Connection: keep-alive --> FIELD
14:17:11.024 [jetty task-22] DEBUG org.eclipse.jetty.http.HttpParser - HEADER:null --> VALUE
14:17:11.024 [jetty task-22] DEBUG org.eclipse.jetty.http.HttpParser - HEADER:null --> IN_VALUE
14:17:11.024 [jetty task-22] DEBUG org.eclipse.jetty.http.HttpParser - HEADER:null --> FIELD
14:17:11.024 [jetty task-22] DEBUG org.eclipse.jetty.http.HttpParser - HEADER:null --> IN_VALUE
14:17:11.024 [jetty task-22] DEBUG org.eclipse.jetty.http.HttpParser - HEADER:null --> FIELD
14:17:11.024 [jetty task-22] DEBUG org.eclipse.jetty.http.HttpParser - HEADER --> CONTENT
14:17:11.025 [jetty task-22] DEBUG org.eclipse.jetty.server.HttpChannel - REQUEST for //localhost:8080/account/create on HttpChannelOverHttp@a42a012{r=1,c=false,a=IDLE,uri=//localhost:8080/account/create}
POST //localhost:8080/account/create HTTP/1.1
Accept: application/json, application/javascript, text/javascript, text/json
Content-Type: application/x-www-form-urlencoded; charset=ISO-8859-1
Content-Length: 12
Host: localhost:8080
Connection: keep-alive
User-Agent: Apache-HttpClient/4.5.3 (Java/1.8.0_121)
Accept-Encoding: gzip,deflate


14:17:11.026 [jetty task-22] DEBUG org.eclipse.jetty.server.HttpConnection - HttpConnection@330fe33[p=HttpParser{s=CONTENT,0 of 12},g=HttpGenerator@1e749c33{s=START}]=>HttpChannelOverHttp@a42a012{r=1,c=false,a=IDLE,uri=//localhost:8080/account/create}<-SocketChannelEndPoint@2e1031fa{/127.0.0.1:55859<->/127.0.0.1:8080,OPEN,fill=-,flush=-,to=11/0}{io=0/0,kio=0,kro=1}->HttpConnection@330fe33[p=HttpParser{s=CONTENT,0 of 12},g=HttpGenerator@1e749c33{s=START}]=>HttpChannelOverHttp@a42a012{r=1,c=false,a=IDLE,uri=//localhost:8080/account/create} parsed true HttpParser{s=CONTENT,0 of 12}
14:17:11.026 [jetty task-22] DEBUG org.eclipse.jetty.server.HttpChannel - HttpChannelOverHttp@a42a012{r=1,c=false,a=IDLE,uri=//localhost:8080/account/create} handle //localhost:8080/account/create 
14:17:11.026 [jetty task-22] DEBUG org.eclipse.jetty.server.HttpChannelState - handling HttpChannelState@4ace7209{s=IDLE a=NOT_ASYNC i=true r=NONE/false w=false}
14:17:11.027 [jetty task-22] DEBUG org.eclipse.jetty.server.HttpChannel - HttpChannelOverHttp@a42a012{r=1,c=false,a=DISPATCHED,uri=//localhost:8080/account/create} action DISPATCH
14:17:11.028 [jetty task-22] DEBUG org.eclipse.jetty.server.Server - REQUEST POST /account/create on HttpChannelOverHttp@a42a012{r=1,c=false,a=DISPATCHED,uri=//localhost:8080/account/create}
14:17:11.028 [jetty task-22] DEBUG org.eclipse.jetty.server.handler.ContextHandler - scope null||/account/create @ o.e.j.s.h.ContextHandler@38453928{/,null,AVAILABLE}
14:17:11.029 [jetty task-22] DEBUG org.eclipse.jetty.server.handler.ContextHandler - context=||/account/create @ o.e.j.s.h.ContextHandler@38453928{/,null,AVAILABLE}
14:17:11.054 [jetty task-22] DEBUG org.eclipse.jetty.server.HttpConnection - HttpConnection@330fe33[p=HttpParser{s=CONTENT,0 of 12},g=HttpGenerator@1e749c33{s=START}]=>HttpChannelOverHttp@a42a012{r=1,c=false,a=DISPATCHED,uri=//localhost:8080/account/create}<-SocketChannelEndPoint@2e1031fa{/127.0.0.1:55859<->/127.0.0.1:8080,OPEN,fill=-,flush=-,to=40/0}{io=0/0,kio=0,kro=1}->HttpConnection@330fe33[p=HttpParser{s=CONTENT,0 of 12},g=HttpGenerator@1e749c33{s=START}]=>HttpChannelOverHttp@a42a012{r=1,c=false,a=DISPATCHED,uri=//localhost:8080/account/create} parse HeapByteBuffer@5a112485[p=331,l=343,c=8192,r=12]={POST /account/cre...zip,deflate\r\n\r\n<<<balance=1000>>>\x00\x00\x00\x00\x00\x00\x00\x00\x00\x00\x00\x00\x00\x00\x00\x00\x00...\x00\x00\x00\x00\x00\x00\x00\x00\x00\x00\x00\x00\x00\x00\x00} {}
14:17:11.054 [jetty task-22] DEBUG org.eclipse.jetty.http.HttpParser - parseNext s=CONTENT HeapByteBuffer@5a112485[p=331,l=343,c=8192,r=12]={POST /account/cre...zip,deflate\r\n\r\n<<<balance=1000>>>\x00\x00\x00\x00\x00\x00\x00\x00\x00\x00\x00\x00\x00\x00\x00\x00\x00...\x00\x00\x00\x00\x00\x00\x00\x00\x00\x00\x00\x00\x00\x00\x00}
14:17:11.054 [jetty task-22] DEBUG org.eclipse.jetty.server.HttpChannel - HttpChannelOverHttp@a42a012{r=1,c=false,a=DISPATCHED,uri=//localhost:8080/account/create} onContent Content@5fa95229{HeapByteBufferR@5537c73b[p=331,l=343,c=8192,r=12]={POST /account/cre...zip,deflate\r\n\r\n<<<balance=1000>>>\x00\x00\x00\x00\x00\x00\x00\x00\x00\x00\x00\x00\x00\x00\x00\x00\x00...\x00\x00\x00\x00\x00\x00\x00\x00\x00\x00\x00\x00\x00\x00\x00}}
14:17:11.055 [jetty task-22] DEBUG org.eclipse.jetty.server.HttpInput - HttpInputOverHTTP@7f015c15[c=0,q=0,[0]=null,s=STREAM] addContent Content@5fa95229{HeapByteBufferR@5537c73b[p=331,l=343,c=8192,r=12]={POST /account/cre...zip,deflate\r\n\r\n<<<balance=1000>>>\x00\x00\x00\x00\x00\x00\x00\x00\x00\x00\x00\x00\x00\x00\x00\x00\x00...\x00\x00\x00\x00\x00\x00\x00\x00\x00\x00\x00\x00\x00\x00\x00}}
14:17:11.055 [jetty task-22] DEBUG org.eclipse.jetty.http.HttpParser - CONTENT --> END
14:17:11.055 [jetty task-22] DEBUG org.eclipse.jetty.server.HttpChannel - HttpChannelOverHttp@a42a012{r=1,c=false,a=DISPATCHED,uri=//localhost:8080/account/create} onContentComplete
14:17:11.055 [jetty task-22] DEBUG org.eclipse.jetty.server.HttpChannel - HttpChannelOverHttp@a42a012{r=1,c=false,a=DISPATCHED,uri=//localhost:8080/account/create} onRequestComplete
14:17:11.055 [jetty task-22] DEBUG org.eclipse.jetty.server.HttpInput - HttpInputOverHTTP@7f015c15[c=0,q=1,[0]=EOF,s=STREAM] addContent EOF
14:17:11.056 [jetty task-22] DEBUG org.eclipse.jetty.server.HttpConnection - HttpConnection@330fe33[p=HttpParser{s=END,12 of 12},g=HttpGenerator@1e749c33{s=START}]=>HttpChannelOverHttp@a42a012{r=1,c=false,a=DISPATCHED,uri=//localhost:8080/account/create}<-SocketChannelEndPoint@2e1031fa{/127.0.0.1:55859<->/127.0.0.1:8080,OPEN,fill=-,flush=-,to=41/0}{io=0/0,kio=0,kro=1}->HttpConnection@330fe33[p=HttpParser{s=END,12 of 12},g=HttpGenerator@1e749c33{s=START}]=>HttpChannelOverHttp@a42a012{r=1,c=false,a=DISPATCHED,uri=//localhost:8080/account/create} parsed false HttpParser{s=END,12 of 12}
14:17:11.056 [jetty task-22] DEBUG org.eclipse.jetty.server.HttpInput - HttpInputOverHTTP@7f015c15[c=1,q=1,[0]=EOF,s=STREAM] read 1 from Content@5fa95229{HeapByteBufferR@5537c73b[p=332,l=343,c=8192,r=11]={POST /account/cre...ip,deflate\r\n\r\nb<<<alance=1000>>>\x00\x00\x00\x00\x00\x00\x00\x00\x00\x00\x00\x00\x00\x00\x00\x00\x00...\x00\x00\x00\x00\x00\x00\x00\x00\x00\x00\x00\x00\x00\x00\x00}}
14:17:11.056 [jetty task-22] DEBUG org.eclipse.jetty.server.HttpInput - HttpInputOverHTTP@7f015c15[c=2,q=1,[0]=EOF,s=STREAM] read 1 from Content@5fa95229{HeapByteBufferR@5537c73b[p=333,l=343,c=8192,r=10]={POST /account/cre...p,deflate\r\n\r\nba<<<lance=1000>>>\x00\x00\x00\x00\x00\x00\x00\x00\x00\x00\x00\x00\x00\x00\x00\x00\x00...\x00\x00\x00\x00\x00\x00\x00\x00\x00\x00\x00\x00\x00\x00\x00}}
14:17:11.057 [jetty task-22] DEBUG org.eclipse.jetty.server.HttpInput - HttpInputOverHTTP@7f015c15[c=3,q=1,[0]=EOF,s=STREAM] read 1 from Content@5fa95229{HeapByteBufferR@5537c73b[p=334,l=343,c=8192,r=9]={POST /account/cre...,deflate\r\n\r\nbal<<<ance=1000>>>\x00\x00\x00\x00\x00\x00\x00\x00\x00\x00\x00\x00\x00\x00\x00\x00\x00...\x00\x00\x00\x00\x00\x00\x00\x00\x00\x00\x00\x00\x00\x00\x00}}
14:17:11.057 [jetty task-22] DEBUG org.eclipse.jetty.server.HttpInput - HttpInputOverHTTP@7f015c15[c=4,q=1,[0]=EOF,s=STREAM] read 1 from Content@5fa95229{HeapByteBufferR@5537c73b[p=335,l=343,c=8192,r=8]={POST /account/cre...deflate\r\n\r\nbala<<<nce=1000>>>\x00\x00\x00\x00\x00\x00\x00\x00\x00\x00\x00\x00\x00\x00\x00\x00\x00...\x00\x00\x00\x00\x00\x00\x00\x00\x00\x00\x00\x00\x00\x00\x00}}
14:17:11.057 [jetty task-22] DEBUG org.eclipse.jetty.server.HttpInput - HttpInputOverHTTP@7f015c15[c=5,q=1,[0]=EOF,s=STREAM] read 1 from Content@5fa95229{HeapByteBufferR@5537c73b[p=336,l=343,c=8192,r=7]={POST /account/cre...eflate\r\n\r\nbalan<<<ce=1000>>>\x00\x00\x00\x00\x00\x00\x00\x00\x00\x00\x00\x00\x00\x00\x00\x00\x00...\x00\x00\x00\x00\x00\x00\x00\x00\x00\x00\x00\x00\x00\x00\x00}}
14:17:11.057 [jetty task-22] DEBUG org.eclipse.jetty.server.HttpInput - HttpInputOverHTTP@7f015c15[c=6,q=1,[0]=EOF,s=STREAM] read 1 from Content@5fa95229{HeapByteBufferR@5537c73b[p=337,l=343,c=8192,r=6]={POST /account/cre...flate\r\n\r\nbalanc<<<e=1000>>>\x00\x00\x00\x00\x00\x00\x00\x00\x00\x00\x00\x00\x00\x00\x00\x00\x00...\x00\x00\x00\x00\x00\x00\x00\x00\x00\x00\x00\x00\x00\x00\x00}}
14:17:11.058 [jetty task-22] DEBUG org.eclipse.jetty.server.HttpInput - HttpInputOverHTTP@7f015c15[c=7,q=1,[0]=EOF,s=STREAM] read 1 from Content@5fa95229{HeapByteBufferR@5537c73b[p=338,l=343,c=8192,r=5]={POST /account/cre...late\r\n\r\nbalance<<<=1000>>>\x00\x00\x00\x00\x00\x00\x00\x00\x00\x00\x00\x00\x00\x00\x00\x00\x00...\x00\x00\x00\x00\x00\x00\x00\x00\x00\x00\x00\x00\x00\x00\x00}}
14:17:11.058 [jetty task-22] DEBUG org.eclipse.jetty.server.HttpInput - HttpInputOverHTTP@7f015c15[c=8,q=1,[0]=EOF,s=STREAM] read 1 from Content@5fa95229{HeapByteBufferR@5537c73b[p=339,l=343,c=8192,r=4]={POST /account/cre...ate\r\n\r\nbalance=<<<1000>>>\x00\x00\x00\x00\x00\x00\x00\x00\x00\x00\x00\x00\x00\x00\x00\x00\x00...\x00\x00\x00\x00\x00\x00\x00\x00\x00\x00\x00\x00\x00\x00\x00}}
14:17:11.058 [jetty task-22] DEBUG org.eclipse.jetty.server.HttpInput - HttpInputOverHTTP@7f015c15[c=9,q=1,[0]=EOF,s=STREAM] read 1 from Content@5fa95229{HeapByteBufferR@5537c73b[p=340,l=343,c=8192,r=3]={POST /account/cre...te\r\n\r\nbalance=1<<<000>>>\x00\x00\x00\x00\x00\x00\x00\x00\x00\x00\x00\x00\x00\x00\x00\x00\x00...\x00\x00\x00\x00\x00\x00\x00\x00\x00\x00\x00\x00\x00\x00\x00}}
14:17:11.058 [jetty task-22] DEBUG org.eclipse.jetty.server.HttpInput - HttpInputOverHTTP@7f015c15[c=10,q=1,[0]=EOF,s=STREAM] read 1 from Content@5fa95229{HeapByteBufferR@5537c73b[p=341,l=343,c=8192,r=2]={POST /account/cre...e\r\n\r\nbalance=10<<<00>>>\x00\x00\x00\x00\x00\x00\x00\x00\x00\x00\x00\x00\x00\x00\x00\x00\x00...\x00\x00\x00\x00\x00\x00\x00\x00\x00\x00\x00\x00\x00\x00\x00}}
14:17:11.058 [jetty task-22] DEBUG org.eclipse.jetty.server.HttpInput - HttpInputOverHTTP@7f015c15[c=11,q=1,[0]=EOF,s=STREAM] read 1 from Content@5fa95229{HeapByteBufferR@5537c73b[p=342,l=343,c=8192,r=1]={POST /account/cre...\r\n\r\nbalance=100<<<0>>>\x00\x00\x00\x00\x00\x00\x00\x00\x00\x00\x00\x00\x00\x00\x00\x00\x00...\x00\x00\x00\x00\x00\x00\x00\x00\x00\x00\x00\x00\x00\x00\x00}}
14:17:11.059 [jetty task-22] DEBUG org.eclipse.jetty.server.HttpInput - HttpInputOverHTTP@7f015c15[c=12,q=1,[0]=EOF,s=STREAM] read 1 from Content@5fa95229{HeapByteBufferR@5537c73b[p=343,l=343,c=8192,r=0]={POST /account/cre...\n\r\nbalance=1000<<<>>>\x00\x00\x00\x00\x00\x00\x00\x00\x00\x00\x00\x00\x00\x00\x00\x00\x00...\x00\x00\x00\x00\x00\x00\x00\x00\x00\x00\x00\x00\x00\x00\x00}}
14:17:11.072 [jetty task-22] DEBUG org.eclipse.jetty.server.HttpConnection - releaseRequestBuffer HttpConnection@330fe33[p=HttpParser{s=END,12 of 12},g=HttpGenerator@1e749c33{s=START}]=>HttpChannelOverHttp@a42a012{r=1,c=false,a=DISPATCHED,uri=//localhost:8080/account/create}<-SocketChannelEndPoint@2e1031fa{/127.0.0.1:55859<->/127.0.0.1:8080,OPEN,fill=-,flush=-,to=58/0}{io=0/0,kio=0,kro=1}->HttpConnection@330fe33[p=HttpParser{s=END,12 of 12},g=HttpGenerator@1e749c33{s=START}]=>HttpChannelOverHttp@a42a012{r=1,c=false,a=DISPATCHED,uri=//localhost:8080/account/create}
14:17:11.073 [jetty task-22] DEBUG org.eclipse.jetty.server.HttpChannelState - onEof HttpChannelState@4ace7209{s=DISPATCHED a=NOT_ASYNC i=true r=NONE/false w=false}
14:17:11.086 [jetty task-22] DEBUG org.eclipse.jetty.server.HttpOutput - sendContent(HeapByteBuffer@2d23ac87[p=0,l=1,c=1,r=1]={<<<1>>>})
14:17:11.086 [jetty task-22] DEBUG org.eclipse.jetty.server.HttpChannel - sendResponse info=null content=HeapByteBuffer@2d23ac87[p=0,l=1,c=1,r=1]={<<<1>>>} complete=true committing=true callback=Blocker@27d2fd2f{null}
14:17:11.086 [jetty task-22] DEBUG org.eclipse.jetty.server.HttpChannel - COMMIT for /account/create on HttpChannelOverHttp@a42a012{r=1,c=true,a=DISPATCHED,uri=//localhost:8080/account/create}
200 null HTTP/1.1
Content-Type: application/json;charset=iso-8859-1
Content-Length: 1


14:17:11.089 [jetty task-22] DEBUG org.eclipse.jetty.server.HttpConnection - org.eclipse.jetty.server.HttpConnection$SendCallback@5225d7bc[PROCESSING][i=HTTP/1.1{s=200,h=2,cl=1},cb=org.eclipse.jetty.server.HttpChannel$CommitCallback@156d9c9a] generate: NEED_HEADER (null,[p=0,l=1,c=1,r=1],true)@START
14:17:11.089 [jetty task-22] DEBUG org.eclipse.jetty.http.HttpGenerator - generateHeaders HTTP/1.1{s=200,h=2,cl=1} last=true content=HeapByteBuffer@2d23ac87[p=0,l=1,c=1,r=1]={<<<1>>>}
14:17:11.089 [jetty task-22] DEBUG org.eclipse.jetty.http.HttpGenerator - Content-Type: application/json;charset=iso-8859-1
Content-Length: 1


14:17:11.090 [jetty task-22] DEBUG org.eclipse.jetty.http.HttpGenerator - CONTENT_LENGTH
14:17:11.090 [jetty task-22] DEBUG org.eclipse.jetty.server.HttpConnection - org.eclipse.jetty.server.HttpConnection$SendCallback@5225d7bc[PROCESSING][i=HTTP/1.1{s=200,h=2,cl=1},cb=org.eclipse.jetty.server.HttpChannel$CommitCallback@156d9c9a] generate: FLUSH ([p=0,l=89,c=8192,r=89],[p=0,l=1,c=1,r=1],true)@COMPLETING
14:17:11.091 [jetty task-22] DEBUG org.eclipse.jetty.io.WriteFlusher - write: WriteFlusher@35cc5cbf{IDLE}->null [HeapByteBuffer@5a112485[p=0,l=89,c=8192,r=89]={<<<HTTP/1.1 200 OK\r\n...t-Length: 1\r\n\r\n>>>ascript, text/jso...\x00\x00\x00\x00\x00\x00\x00\x00\x00\x00\x00\x00\x00\x00\x00},HeapByteBuffer@2d23ac87[p=0,l=1,c=1,r=1]={<<<1>>>}]
14:17:11.091 [jetty task-22] DEBUG org.eclipse.jetty.io.WriteFlusher - update WriteFlusher@35cc5cbf{WRITING}->null:IDLE-->WRITING
14:17:11.092 [jetty task-22] DEBUG org.eclipse.jetty.io.ChannelEndPoint - flushed 90 SocketChannelEndPoint@2e1031fa{/127.0.0.1:55859<->/127.0.0.1:8080,OPEN,fill=-,flush=W,to=78/0}{io=0/0,kio=0,kro=1}->HttpConnection@330fe33[p=HttpParser{s=END,12 of 12},g=HttpGenerator@1e749c33{s=COMPLETING}]=>HttpChannelOverHttp@a42a012{r=1,c=true,a=DISPATCHED,uri=//localhost:8080/account/create}
14:17:11.092 [jetty task-22] DEBUG org.eclipse.jetty.io.WriteFlusher - Flushed=true 89/89+1 WriteFlusher@35cc5cbf{WRITING}->null
14:17:11.092 [jetty task-22] DEBUG org.eclipse.jetty.io.WriteFlusher - update WriteFlusher@35cc5cbf{IDLE}->null:WRITING-->IDLE
14:17:11.093 [jetty task-22] DEBUG org.eclipse.jetty.server.HttpConnection - org.eclipse.jetty.server.HttpConnection$SendCallback@5225d7bc[PROCESSING][i=HTTP/1.1{s=200,h=2,cl=1},cb=org.eclipse.jetty.server.HttpChannel$CommitCallback@156d9c9a] generate: DONE ([p=89,l=89,c=8192,r=0],[p=1,l=1,c=1,r=0],true)@END
14:17:11.094 [jetty task-22] DEBUG org.eclipse.jetty.server.Server - handled=true async=false committed=true on HttpChannelOverHttp@a42a012{r=1,c=true,a=DISPATCHED,uri=//localhost:8080/account/create}
14:17:11.094 [jetty task-22] DEBUG org.eclipse.jetty.server.HttpChannelState - unhandle HttpChannelState@4ace7209{s=DISPATCHED a=NOT_ASYNC i=true r=REGISTERED/true w=false}
14:17:11.094 [jetty task-22] DEBUG org.eclipse.jetty.server.HttpChannel - HttpChannelOverHttp@a42a012{r=1,c=true,a=COMPLETING,uri=//localhost:8080/account/create} action COMPLETE
14:17:11.095 [jetty task-22] DEBUG org.eclipse.jetty.server.HttpChannelState - onComplete HttpChannelState@4ace7209{s=COMPLETING a=NOT_ASYNC i=false r=REGISTERED/true w=false}
14:17:11.095 [jetty task-22] DEBUG org.eclipse.jetty.server.HttpChannel - COMPLETE for /account/create written=1
14:17:11.101 [jetty task-22] DEBUG org.eclipse.jetty.server.HttpChannelState - recycle HttpChannelState@4ace7209{s=COMPLETED a=NOT_ASYNC i=false r=REGISTERED/true w=false}
14:17:11.101 [jetty task-22] DEBUG org.eclipse.jetty.http.HttpParser - reset HttpParser{s=END,12 of 12}
14:17:11.104 [jetty task-22] DEBUG org.eclipse.jetty.http.HttpParser - END --> START
14:17:11.109 [jetty task-22] DEBUG org.eclipse.jetty.server.HttpChannel - HttpChannelOverHttp@a42a012{r=1,c=false,a=IDLE,uri=null} handle exit, result COMPLETE
14:17:11.111 [jetty task-22] DEBUG org.eclipse.jetty.io.ChannelEndPoint - filled 0 SocketChannelEndPoint@2e1031fa{/127.0.0.1:55859<->/127.0.0.1:8080,OPEN,fill=-,flush=-,to=18/0}{io=0/0,kio=0,kro=1}->HttpConnection@330fe33[p=HttpParser{s=START,0 of -1},g=HttpGenerator@1e749c33{s=START}]=>HttpChannelOverHttp@a42a012{r=1,c=false,a=IDLE,uri=null}
14:17:11.112 [jetty task-22] DEBUG org.eclipse.jetty.io.ChannelEndPoint - filled 0 SocketChannelEndPoint@2e1031fa{/127.0.0.1:55859<->/127.0.0.1:8080,OPEN,fill=-,flush=-,to=19/0}{io=0/0,kio=0,kro=1}->HttpConnection@330fe33[p=HttpParser{s=START,0 of -1},g=HttpGenerator@1e749c33{s=START}]=>HttpChannelOverHttp@a42a012{r=1,c=false,a=IDLE,uri=null}
14:17:11.113 [jetty task-22] DEBUG org.eclipse.jetty.server.HttpConnection - HttpConnection@330fe33[p=HttpParser{s=START,0 of -1},g=HttpGenerator@1e749c33{s=START}]=>HttpChannelOverHttp@a42a012{r=1,c=false,a=IDLE,uri=null}<-SocketChannelEndPoint@2e1031fa{/127.0.0.1:55859<->/127.0.0.1:8080,OPEN,fill=-,flush=-,to=20/0}{io=0/0,kio=0,kro=1}->HttpConnection@330fe33[p=HttpParser{s=START,0 of -1},g=HttpGenerator@1e749c33{s=START}]=>HttpChannelOverHttp@a42a012{r=1,c=false,a=IDLE,uri=null} filled 0 HeapByteBuffer@5a112485[p=0,l=0,c=8192,r=0]={<<<>>>HTTP/1.1 200 OK\r\n...\x00\x00\x00\x00\x00\x00\x00\x00\x00\x00\x00\x00\x00\x00\x00}
14:17:11.115 [jetty task-22] DEBUG org.eclipse.jetty.server.HttpConnection - HttpConnection@330fe33[p=HttpParser{s=START,0 of -1},g=HttpGenerator@1e749c33{s=START}]=>HttpChannelOverHttp@a42a012{r=1,c=false,a=IDLE,uri=null}<-SocketChannelEndPoint@2e1031fa{/127.0.0.1:55859<->/127.0.0.1:8080,OPEN,fill=-,flush=-,to=22/0}{io=0/0,kio=0,kro=1}->HttpConnection@330fe33[p=HttpParser{s=START,0 of -1},g=HttpGenerator@1e749c33{s=START}]=>HttpChannelOverHttp@a42a012{r=1,c=false,a=IDLE,uri=null} parse HeapByteBuffer@5a112485[p=0,l=0,c=8192,r=0]={<<<>>>HTTP/1.1 200 OK\r\n...\x00\x00\x00\x00\x00\x00\x00\x00\x00\x00\x00\x00\x00\x00\x00} {}
14:17:11.116 [jetty task-22] DEBUG org.eclipse.jetty.http.HttpParser - parseNext s=START HeapByteBuffer@5a112485[p=0,l=0,c=8192,r=0]={<<<>>>HTTP/1.1 200 OK\r\n...\x00\x00\x00\x00\x00\x00\x00\x00\x00\x00\x00\x00\x00\x00\x00}
14:17:11.116 [jetty task-22] DEBUG org.eclipse.jetty.server.HttpConnection - HttpConnection@330fe33[p=HttpParser{s=START,0 of -1},g=HttpGenerator@1e749c33{s=START}]=>HttpChannelOverHttp@a42a012{r=1,c=false,a=IDLE,uri=null}<-SocketChannelEndPoint@2e1031fa{/127.0.0.1:55859<->/127.0.0.1:8080,OPEN,fill=-,flush=-,to=24/0}{io=0/0,kio=0,kro=1}->HttpConnection@330fe33[p=HttpParser{s=START,0 of -1},g=HttpGenerator@1e749c33{s=START}]=>HttpChannelOverHttp@a42a012{r=1,c=false,a=IDLE,uri=null} parsed false HttpParser{s=START,0 of -1}
14:17:11.116 [jetty task-22] DEBUG org.eclipse.jetty.server.HttpConnection - releaseRequestBuffer HttpConnection@330fe33[p=HttpParser{s=START,0 of -1},g=HttpGenerator@1e749c33{s=START}]=>HttpChannelOverHttp@a42a012{r=1,c=false,a=IDLE,uri=null}<-SocketChannelEndPoint@2e1031fa{/127.0.0.1:55859<->/127.0.0.1:8080,OPEN,fill=-,flush=-,to=24/0}{io=0/0,kio=0,kro=1}->HttpConnection@330fe33[p=HttpParser{s=START,0 of -1},g=HttpGenerator@1e749c33{s=START}]=>HttpChannelOverHttp@a42a012{r=1,c=false,a=IDLE,uri=null}
14:17:11.117 [jetty task-22] DEBUG org.eclipse.jetty.io.AbstractConnection - fillInterested HttpConnection@330fe33[p=HttpParser{s=START,0 of -1},g=HttpGenerator@1e749c33{s=START}]=>HttpChannelOverHttp@a42a012{r=1,c=false,a=IDLE,uri=null}<-SocketChannelEndPoint@2e1031fa{/127.0.0.1:55859<->/127.0.0.1:8080,OPEN,fill=-,flush=-,to=24/0}{io=0/0,kio=0,kro=1}->HttpConnection@330fe33[p=HttpParser{s=START,0 of -1},g=HttpGenerator@1e749c33{s=START}]=>HttpChannelOverHttp@a42a012{r=1,c=false,a=IDLE,uri=null}
14:17:11.117 [jetty task-22] DEBUG org.eclipse.jetty.io.FillInterest - FillInterest@9a44aa1{true,AC.ReadCB@330fe33{HttpConnection@330fe33[p=HttpParser{s=START,0 of -1},g=HttpGenerator@1e749c33{s=START}]=>HttpChannelOverHttp@a42a012{r=1,c=false,a=IDLE,uri=null}<-SocketChannelEndPoint@2e1031fa{/127.0.0.1:55859<->/127.0.0.1:8080,OPEN,fill=FI,flush=-,to=0/0}{io=0/0,kio=0,kro=1}->HttpConnection@330fe33[p=HttpParser{s=START,0 of -1},g=HttpGenerator@1e749c33{s=START}]=>HttpChannelOverHttp@a42a012{r=1,c=false,a=IDLE,uri=null}}} register AC.ReadCB@330fe33{HttpConnection@330fe33[p=HttpParser{s=START,0 of -1},g=HttpGenerator@1e749c33{s=START}]=>HttpChannelOverHttp@a42a012{r=1,c=false,a=IDLE,uri=null}<-SocketChannelEndPoint@2e1031fa{/127.0.0.1:55859<->/127.0.0.1:8080,OPEN,fill=FI,flush=-,to=0/0}{io=0/0,kio=0,kro=1}->HttpConnection@330fe33[p=HttpParser{s=START,0 of -1},g=HttpGenerator@1e749c33{s=START}]=>HttpChannelOverHttp@a42a012{r=1,c=false,a=IDLE,uri=null}}
14:17:11.118 [jetty task-22] DEBUG org.eclipse.jetty.io.ChannelEndPoint - changeInterests p=false 0->1 for SocketChannelEndPoint@2e1031fa{/127.0.0.1:55859<->/127.0.0.1:8080,OPEN,fill=FI,flush=-,to=0/0}{io=0/1,kio=0,kro=1}->HttpConnection@330fe33[p=HttpParser{s=START,0 of -1},g=HttpGenerator@1e749c33{s=START}]=>HttpChannelOverHttp@a42a012{r=1,c=false,a=IDLE,uri=null}
14:17:11.118 [jetty task-22] DEBUG org.eclipse.jetty.io.ManagedSelector - Queued change CEP:SocketChannelEndPoint@2e1031fa{/127.0.0.1:55859<->/127.0.0.1:8080,OPEN,fill=FI,flush=-,to=1/0}{io=0/1,kio=0,kro=1}->HttpConnection@330fe33[p=HttpParser{s=START,0 of -1},g=HttpGenerator@1e749c33{s=START}]=>HttpChannelOverHttp@a42a012{r=1,c=false,a=IDLE,uri=null}:runUpdateKey:NON_BLOCKING on org.eclipse.jetty.io.ManagedSelector@584047b5 id=0 keys=1 selected=0
14:17:11.118 [jetty task-23] DEBUG org.eclipse.jetty.io.ManagedSelector - Selector loop woken up from select, 0/1 selected
14:17:11.118 [jetty task-23] DEBUG org.eclipse.jetty.io.ManagedSelector - Running action CEP:SocketChannelEndPoint@2e1031fa{/127.0.0.1:55859<->/127.0.0.1:8080,OPEN,fill=FI,flush=-,to=1/0}{io=0/1,kio=0,kro=1}->HttpConnection@330fe33[p=HttpParser{s=START,0 of -1},g=HttpGenerator@1e749c33{s=START}]=>HttpChannelOverHttp@a42a012{r=1,c=false,a=IDLE,uri=null}:runUpdateKey:NON_BLOCKING
14:17:11.118 [jetty task-23] DEBUG org.eclipse.jetty.io.ChannelEndPoint - Key interests updated 0 -> 1 on SocketChannelEndPoint@2e1031fa{/127.0.0.1:55859<->/127.0.0.1:8080,OPEN,fill=FI,flush=-,to=1/0}{io=1/1,kio=1,kro=1}->HttpConnection@330fe33[p=HttpParser{s=START,0 of -1},g=HttpGenerator@1e749c33{s=START}]=>HttpChannelOverHttp@a42a012{r=1,c=false,a=IDLE,uri=null}
14:17:11.119 [jetty task-23] DEBUG org.eclipse.jetty.io.ManagedSelector - Selector loop waiting on select
14:17:11.119 [jetty task-22] DEBUG org.eclipse.jetty.server.HttpConnection - HttpConnection@330fe33[p=HttpParser{s=START,0 of -1},g=HttpGenerator@1e749c33{s=START}]=>HttpChannelOverHttp@a42a012{r=1,c=false,a=IDLE,uri=null}<-SocketChannelEndPoint@2e1031fa{/127.0.0.1:55859<->/127.0.0.1:8080,OPEN,fill=FI,flush=-,to=2/0}{io=1/1,kio=1,kro=1}->HttpConnection@330fe33[p=HttpParser{s=START,0 of -1},g=HttpGenerator@1e749c33{s=START}]=>HttpChannelOverHttp@a42a012{r=1,c=false,a=IDLE,uri=null} onFillable exit HttpChannelState@4ace7209{s=IDLE a=NOT_ASYNC i=true r=NONE/false w=false} null
14:17:11.119 [jetty task-22] DEBUG org.eclipse.jetty.util.thread.strategy.ExecutingExecutionStrategy - EPC Prod/org.eclipse.jetty.io.ManagedSelector$SelectorProducer@6ec67bbc invoked CEP:SocketChannelEndPoint@2e1031fa{/127.0.0.1:55859<->/127.0.0.1:8080,OPEN,fill=FI,flush=-,to=2/0}{io=1/1,kio=1,kro=1}->HttpConnection@330fe33[p=HttpParser{s=START,0 of -1},g=HttpGenerator@1e749c33{s=START}]=>HttpChannelOverHttp@a42a012{r=1,c=false,a=IDLE,uri=null}:runFillable:BLOCKING
14:17:11.125 [jetty task-22] DEBUG org.eclipse.jetty.util.thread.strategy.ExecuteProduceConsume - EPC Prod/org.eclipse.jetty.io.ManagedSelector$SelectorProducer@6ec67bbc ran CEP:SocketChannelEndPoint@2e1031fa{/127.0.0.1:55859<->/127.0.0.1:8080,OPEN,fill=FI,flush=-,to=8/0}{io=1/1,kio=1,kro=1}->HttpConnection@330fe33[p=HttpParser{s=START,0 of -1},g=HttpGenerator@1e749c33{s=START}]=>HttpChannelOverHttp@a42a012{r=1,c=false,a=IDLE,uri=null}:runFillable:BLOCKING
14:17:11.125 [jetty task-22] DEBUG org.eclipse.jetty.util.thread.strategy.ExecuteProduceConsume - EPC Prod/org.eclipse.jetty.io.ManagedSelector$SelectorProducer@6ec67bbc produce exit
14:17:11.125 [jetty task-22] DEBUG org.eclipse.jetty.util.thread.QueuedThreadPool - ran EPC Prod/org.eclipse.jetty.io.ManagedSelector$SelectorProducer@6ec67bbc
14:17:11.237 [jetty task-20-acceptor-0@78b9b1c-ServerConnector@53bd4614{HTTP/1.1,[http/1.1]}{localhost:8080}] DEBUG org.eclipse.jetty.io.ManagedSelector - Queued change org.eclipse.jetty.io.ManagedSelector$Accept@2dd7a4af on org.eclipse.jetty.io.ManagedSelector@3803d43d id=1 keys=0 selected=0
14:17:11.237 [jetty task-18] DEBUG org.eclipse.jetty.io.ManagedSelector - Selector loop woken up from select, 0/0 selected
14:17:11.237 [jetty task-18] DEBUG org.eclipse.jetty.io.ManagedSelector - Running action org.eclipse.jetty.io.ManagedSelector$Accept@2dd7a4af
14:17:11.237 [jetty task-18] DEBUG org.eclipse.jetty.io.ManagedSelector - Queued change org.eclipse.jetty.io.ManagedSelector$CreateEndPoint@6568bcbf on org.eclipse.jetty.io.ManagedSelector@3803d43d id=1 keys=1 selected=0
14:17:11.237 [jetty task-18] DEBUG org.eclipse.jetty.util.thread.strategy.ExecuteProduceConsume - EPC Prod/org.eclipse.jetty.io.ManagedSelector$SelectorProducer@6f90d7cf produced org.eclipse.jetty.io.ManagedSelector$CreateEndPoint@6568bcbf
14:17:11.237 [jetty task-18] DEBUG org.eclipse.jetty.util.thread.strategy.ExecuteProduceConsume - EPC Pend/org.eclipse.jetty.io.ManagedSelector$SelectorProducer@6f90d7cf dispatch
14:17:11.237 [jetty task-18] DEBUG org.eclipse.jetty.util.thread.QueuedThreadPool - queue EPC Pend/org.eclipse.jetty.io.ManagedSelector$SelectorProducer@6f90d7cf
14:17:11.237 [jetty task-18] DEBUG org.eclipse.jetty.util.thread.strategy.ExecuteProduceConsume - EPC Pend/org.eclipse.jetty.io.ManagedSelector$SelectorProducer@6f90d7cf run org.eclipse.jetty.io.ManagedSelector$CreateEndPoint@6568bcbf
14:17:11.237 [jetty task-18] DEBUG org.eclipse.jetty.util.thread.strategy.ExecutingExecutionStrategy - EPC Pend/org.eclipse.jetty.io.ManagedSelector$SelectorProducer@6f90d7cf invoke  org.eclipse.jetty.io.ManagedSelector$CreateEndPoint@6568bcbf
14:17:11.238 [jetty task-18] DEBUG org.eclipse.jetty.io.AbstractEndPoint - onOpen SocketChannelEndPoint@206a2e76{/127.0.0.1:55860<->/127.0.0.1:8080,OPEN,fill=-,flush=-,to=0/0}{io=0/0,kio=0,kro=0}-><null>
14:17:11.238 [jetty task-18] DEBUG org.eclipse.jetty.server.HttpChannel - new HttpChannelOverHttp@49adbb1b{r=0,c=false,a=IDLE,uri=null} -> SocketChannelEndPoint@206a2e76{/127.0.0.1:55860<->/127.0.0.1:8080,OPEN,fill=-,flush=-,to=1/0}{io=0/0,kio=0,kro=0}-><null>,null,HttpChannelState@11808b2f{s=IDLE a=NOT_ASYNC i=true r=NONE/false w=false}
14:17:11.238 [jetty task-18] DEBUG org.eclipse.jetty.server.HttpConnection - New HTTP Connection HttpConnection@31ad40e4[p=HttpParser{s=START,0 of 0},g=HttpGenerator@4045d139{s=START}]=>HttpChannelOverHttp@49adbb1b{r=0,c=false,a=IDLE,uri=null}<-SocketChannelEndPoint@206a2e76{/127.0.0.1:55860<->/127.0.0.1:8080,OPEN,fill=-,flush=-,to=1/0}{io=0/0,kio=0,kro=0}-><null>
14:17:11.238 [jetty task-18] DEBUG org.eclipse.jetty.io.AbstractConnection - onOpen HttpConnection@31ad40e4[p=HttpParser{s=START,0 of 0},g=HttpGenerator@4045d139{s=START}]=>HttpChannelOverHttp@49adbb1b{r=0,c=false,a=IDLE,uri=null}<-SocketChannelEndPoint@206a2e76{/127.0.0.1:55860<->/127.0.0.1:8080,OPEN,fill=-,flush=-,to=1/0}{io=0/0,kio=0,kro=0}->HttpConnection@31ad40e4[p=HttpParser{s=START,0 of 0},g=HttpGenerator@4045d139{s=START}]=>HttpChannelOverHttp@49adbb1b{r=0,c=false,a=IDLE,uri=null}
14:17:11.238 [jetty task-18] DEBUG org.eclipse.jetty.io.AbstractConnection - fillInterested HttpConnection@31ad40e4[p=HttpParser{s=START,0 of 0},g=HttpGenerator@4045d139{s=START}]=>HttpChannelOverHttp@49adbb1b{r=0,c=false,a=IDLE,uri=null}<-SocketChannelEndPoint@206a2e76{/127.0.0.1:55860<->/127.0.0.1:8080,OPEN,fill=-,flush=-,to=1/0}{io=0/0,kio=0,kro=0}->HttpConnection@31ad40e4[p=HttpParser{s=START,0 of 0},g=HttpGenerator@4045d139{s=START}]=>HttpChannelOverHttp@49adbb1b{r=0,c=false,a=IDLE,uri=null}
14:17:11.239 [jetty task-18] DEBUG org.eclipse.jetty.io.FillInterest - FillInterest@6414cf49{true,AC.ReadCB@31ad40e4{HttpConnection@31ad40e4[p=HttpParser{s=START,0 of 0},g=HttpGenerator@4045d139{s=START}]=>HttpChannelOverHttp@49adbb1b{r=0,c=false,a=IDLE,uri=null}<-SocketChannelEndPoint@206a2e76{/127.0.0.1:55860<->/127.0.0.1:8080,OPEN,fill=FI,flush=-,to=0/0}{io=0/0,kio=0,kro=0}->HttpConnection@31ad40e4[p=HttpParser{s=START,0 of 0},g=HttpGenerator@4045d139{s=START}]=>HttpChannelOverHttp@49adbb1b{r=0,c=false,a=IDLE,uri=null}}} register AC.ReadCB@31ad40e4{HttpConnection@31ad40e4[p=HttpParser{s=START,0 of 0},g=HttpGenerator@4045d139{s=START}]=>HttpChannelOverHttp@49adbb1b{r=0,c=false,a=IDLE,uri=null}<-SocketChannelEndPoint@206a2e76{/127.0.0.1:55860<->/127.0.0.1:8080,OPEN,fill=FI,flush=-,to=1/0}{io=0/0,kio=0,kro=0}->HttpConnection@31ad40e4[p=HttpParser{s=START,0 of 0},g=HttpGenerator@4045d139{s=START}]=>HttpChannelOverHttp@49adbb1b{r=0,c=false,a=IDLE,uri=null}}
14:17:11.239 [jetty task-18] DEBUG org.eclipse.jetty.io.ChannelEndPoint - changeInterests p=false 0->1 for SocketChannelEndPoint@206a2e76{/127.0.0.1:55860<->/127.0.0.1:8080,OPEN,fill=FI,flush=-,to=1/0}{io=0/1,kio=0,kro=0}->HttpConnection@31ad40e4[p=HttpParser{s=START,0 of 0},g=HttpGenerator@4045d139{s=START}]=>HttpChannelOverHttp@49adbb1b{r=0,c=false,a=IDLE,uri=null}
14:17:11.239 [jetty task-18] DEBUG org.eclipse.jetty.io.ManagedSelector - Queued change CEP:SocketChannelEndPoint@206a2e76{/127.0.0.1:55860<->/127.0.0.1:8080,OPEN,fill=FI,flush=-,to=1/0}{io=0/1,kio=0,kro=0}->HttpConnection@31ad40e4[p=HttpParser{s=START,0 of 0},g=HttpGenerator@4045d139{s=START}]=>HttpChannelOverHttp@49adbb1b{r=0,c=false,a=IDLE,uri=null}:runUpdateKey:NON_BLOCKING on org.eclipse.jetty.io.ManagedSelector@3803d43d id=1 keys=1 selected=0
14:17:11.239 [jetty task-18] DEBUG org.eclipse.jetty.io.ManagedSelector - Created SocketChannelEndPoint@206a2e76{/127.0.0.1:55860<->/127.0.0.1:8080,OPEN,fill=FI,flush=-,to=1/0}{io=0/1,kio=0,kro=0}->HttpConnection@31ad40e4[p=HttpParser{s=START,0 of 0},g=HttpGenerator@4045d139{s=START}]=>HttpChannelOverHttp@49adbb1b{r=0,c=false,a=IDLE,uri=null}
14:17:11.239 [jetty task-18] DEBUG org.eclipse.jetty.util.thread.strategy.ExecutingExecutionStrategy - EPC Pend/org.eclipse.jetty.io.ManagedSelector$SelectorProducer@6f90d7cf invoked org.eclipse.jetty.io.ManagedSelector$CreateEndPoint@6568bcbf
14:17:11.240 [jetty task-18] DEBUG org.eclipse.jetty.util.thread.strategy.ExecuteProduceConsume - EPC Pend/org.eclipse.jetty.io.ManagedSelector$SelectorProducer@6f90d7cf ran org.eclipse.jetty.io.ManagedSelector$CreateEndPoint@6568bcbf
14:17:11.240 [jetty task-18] DEBUG org.eclipse.jetty.util.thread.strategy.ExecuteProduceConsume - EPC Prod/Pend/org.eclipse.jetty.io.ManagedSelector$SelectorProducer@6f90d7cf producing
14:17:11.240 [jetty task-18] DEBUG org.eclipse.jetty.io.ManagedSelector - Running action CEP:SocketChannelEndPoint@206a2e76{/127.0.0.1:55860<->/127.0.0.1:8080,OPEN,fill=FI,flush=-,to=2/0}{io=0/1,kio=0,kro=0}->HttpConnection@31ad40e4[p=HttpParser{s=START,0 of 0},g=HttpGenerator@4045d139{s=START}]=>HttpChannelOverHttp@49adbb1b{r=0,c=false,a=IDLE,uri=null}:runUpdateKey:NON_BLOCKING
14:17:11.240 [jetty task-18] DEBUG org.eclipse.jetty.io.ChannelEndPoint - Key interests updated 0 -> 1 on SocketChannelEndPoint@206a2e76{/127.0.0.1:55860<->/127.0.0.1:8080,OPEN,fill=FI,flush=-,to=2/0}{io=1/1,kio=1,kro=0}->HttpConnection@31ad40e4[p=HttpParser{s=START,0 of 0},g=HttpGenerator@4045d139{s=START}]=>HttpChannelOverHttp@49adbb1b{r=0,c=false,a=IDLE,uri=null}
14:17:11.240 [jetty task-18] DEBUG org.eclipse.jetty.io.ManagedSelector - Selector loop waiting on select
14:17:11.241 [jetty task-16] DEBUG org.eclipse.jetty.util.thread.QueuedThreadPool - run EPC Prod/Pend/org.eclipse.jetty.io.ManagedSelector$SelectorProducer@6f90d7cf
14:17:11.242 [jetty task-16] DEBUG org.eclipse.jetty.util.thread.strategy.ExecuteProduceConsume - EPC Prod/Pend/org.eclipse.jetty.io.ManagedSelector$SelectorProducer@6f90d7cf run
14:17:11.242 [jetty task-16] DEBUG org.eclipse.jetty.util.thread.QueuedThreadPool - ran EPC Prod/org.eclipse.jetty.io.ManagedSelector$SelectorProducer@6f90d7cf
14:17:11.243 [jetty task-18] DEBUG org.eclipse.jetty.io.ManagedSelector - Selector loop woken up from select, 1/1 selected
14:17:11.244 [jetty task-18] DEBUG org.eclipse.jetty.io.ManagedSelector - selected sun.nio.ch.SelectionKeyImpl@6157244d SocketChannelEndPoint@206a2e76{/127.0.0.1:55860<->/127.0.0.1:8080,OPEN,fill=FI,flush=-,to=5/0}{io=1/1,kio=1,kro=1}->HttpConnection@31ad40e4[p=HttpParser{s=START,0 of 0},g=HttpGenerator@4045d139{s=START}]=>HttpChannelOverHttp@49adbb1b{r=0,c=false,a=IDLE,uri=null} 
14:17:11.244 [jetty task-18] DEBUG org.eclipse.jetty.io.ChannelEndPoint - onSelected 1->0 r=true w=false for SocketChannelEndPoint@206a2e76{/127.0.0.1:55860<->/127.0.0.1:8080,OPEN,fill=FI,flush=-,to=6/0}{io=1/0,kio=1,kro=1}->HttpConnection@31ad40e4[p=HttpParser{s=START,0 of 0},g=HttpGenerator@4045d139{s=START}]=>HttpChannelOverHttp@49adbb1b{r=0,c=false,a=IDLE,uri=null}
14:17:11.245 [jetty task-18] DEBUG org.eclipse.jetty.io.ChannelEndPoint - task CEP:SocketChannelEndPoint@206a2e76{/127.0.0.1:55860<->/127.0.0.1:8080,OPEN,fill=FI,flush=-,to=7/0}{io=1/0,kio=1,kro=1}->HttpConnection@31ad40e4[p=HttpParser{s=START,0 of 0},g=HttpGenerator@4045d139{s=START}]=>HttpChannelOverHttp@49adbb1b{r=0,c=false,a=IDLE,uri=null}:runFillable:BLOCKING
14:17:11.246 [jetty task-18] DEBUG org.eclipse.jetty.util.thread.strategy.ExecuteProduceConsume - EPC Prod/org.eclipse.jetty.io.ManagedSelector$SelectorProducer@6f90d7cf produced CEP:SocketChannelEndPoint@206a2e76{/127.0.0.1:55860<->/127.0.0.1:8080,OPEN,fill=FI,flush=-,to=8/0}{io=1/0,kio=1,kro=1}->HttpConnection@31ad40e4[p=HttpParser{s=START,0 of 0},g=HttpGenerator@4045d139{s=START}]=>HttpChannelOverHttp@49adbb1b{r=0,c=false,a=IDLE,uri=null}:runFillable:BLOCKING
14:17:11.246 [jetty task-18] DEBUG org.eclipse.jetty.util.thread.strategy.ExecuteProduceConsume - EPC Pend/org.eclipse.jetty.io.ManagedSelector$SelectorProducer@6f90d7cf dispatch
14:17:11.246 [jetty task-18] DEBUG org.eclipse.jetty.util.thread.QueuedThreadPool - queue EPC Pend/org.eclipse.jetty.io.ManagedSelector$SelectorProducer@6f90d7cf
14:17:11.246 [jetty task-18] DEBUG org.eclipse.jetty.util.thread.strategy.ExecuteProduceConsume - EPC Pend/org.eclipse.jetty.io.ManagedSelector$SelectorProducer@6f90d7cf run CEP:SocketChannelEndPoint@206a2e76{/127.0.0.1:55860<->/127.0.0.1:8080,OPEN,fill=FI,flush=-,to=8/0}{io=1/0,kio=1,kro=1}->HttpConnection@31ad40e4[p=HttpParser{s=START,0 of 0},g=HttpGenerator@4045d139{s=START}]=>HttpChannelOverHttp@49adbb1b{r=0,c=false,a=IDLE,uri=null}:runFillable:BLOCKING
14:17:11.247 [jetty task-18] DEBUG org.eclipse.jetty.util.thread.strategy.ExecutingExecutionStrategy - EPC Pend/org.eclipse.jetty.io.ManagedSelector$SelectorProducer@6f90d7cf invoke  CEP:SocketChannelEndPoint@206a2e76{/127.0.0.1:55860<->/127.0.0.1:8080,OPEN,fill=FI,flush=-,to=8/0}{io=1/0,kio=1,kro=1}->HttpConnection@31ad40e4[p=HttpParser{s=START,0 of 0},g=HttpGenerator@4045d139{s=START}]=>HttpChannelOverHttp@49adbb1b{r=0,c=false,a=IDLE,uri=null}:runFillable:BLOCKING
14:17:11.247 [jetty task-18] DEBUG org.eclipse.jetty.io.FillInterest - FillInterest@6414cf49{true,AC.ReadCB@31ad40e4{HttpConnection@31ad40e4[p=HttpParser{s=START,0 of 0},g=HttpGenerator@4045d139{s=START}]=>HttpChannelOverHttp@49adbb1b{r=0,c=false,a=IDLE,uri=null}<-SocketChannelEndPoint@206a2e76{/127.0.0.1:55860<->/127.0.0.1:8080,OPEN,fill=FI,flush=-,to=9/0}{io=1/0,kio=1,kro=1}->HttpConnection@31ad40e4[p=HttpParser{s=START,0 of 0},g=HttpGenerator@4045d139{s=START}]=>HttpChannelOverHttp@49adbb1b{r=0,c=false,a=IDLE,uri=null}}} fillable AC.ReadCB@31ad40e4{HttpConnection@31ad40e4[p=HttpParser{s=START,0 of 0},g=HttpGenerator@4045d139{s=START}]=>HttpChannelOverHttp@49adbb1b{r=0,c=false,a=IDLE,uri=null}<-SocketChannelEndPoint@206a2e76{/127.0.0.1:55860<->/127.0.0.1:8080,OPEN,fill=FI,flush=-,to=9/0}{io=1/0,kio=1,kro=1}->HttpConnection@31ad40e4[p=HttpParser{s=START,0 of 0},g=HttpGenerator@4045d139{s=START}]=>HttpChannelOverHttp@49adbb1b{r=0,c=false,a=IDLE,uri=null}}
14:17:11.248 [jetty task-18] DEBUG org.eclipse.jetty.server.HttpConnection - HttpConnection@31ad40e4[p=HttpParser{s=START,0 of 0},g=HttpGenerator@4045d139{s=START}]=>HttpChannelOverHttp@49adbb1b{r=0,c=false,a=IDLE,uri=null}<-SocketChannelEndPoint@206a2e76{/127.0.0.1:55860<->/127.0.0.1:8080,OPEN,fill=-,flush=-,to=10/0}{io=1/0,kio=1,kro=1}->HttpConnection@31ad40e4[p=HttpParser{s=START,0 of 0},g=HttpGenerator@4045d139{s=START}]=>HttpChannelOverHttp@49adbb1b{r=0,c=false,a=IDLE,uri=null} onFillable enter HttpChannelState@11808b2f{s=IDLE a=NOT_ASYNC i=true r=NONE/false w=false} null
14:17:11.248 [jetty task-18] DEBUG org.eclipse.jetty.io.ChannelEndPoint - filled 343 SocketChannelEndPoint@206a2e76{/127.0.0.1:55860<->/127.0.0.1:8080,OPEN,fill=-,flush=-,to=10/0}{io=1/0,kio=1,kro=1}->HttpConnection@31ad40e4[p=HttpParser{s=START,0 of 0},g=HttpGenerator@4045d139{s=START}]=>HttpChannelOverHttp@49adbb1b{r=0,c=false,a=IDLE,uri=null}
14:17:11.248 [jetty task-18] DEBUG org.eclipse.jetty.server.HttpConnection - HttpConnection@31ad40e4[p=HttpParser{s=START,0 of 0},g=HttpGenerator@4045d139{s=START}]=>HttpChannelOverHttp@49adbb1b{r=0,c=false,a=IDLE,uri=null}<-SocketChannelEndPoint@206a2e76{/127.0.0.1:55860<->/127.0.0.1:8080,OPEN,fill=-,flush=-,to=0/0}{io=1/0,kio=1,kro=1}->HttpConnection@31ad40e4[p=HttpParser{s=START,0 of 0},g=HttpGenerator@4045d139{s=START}]=>HttpChannelOverHttp@49adbb1b{r=0,c=false,a=IDLE,uri=null} filled 343 HeapByteBuffer@5a112485[p=0,l=343,c=8192,r=343]={<<<POST /account/cre...\n\r\nbalance=5000>>>\x00\x00\x00\x00\x00\x00\x00\x00\x00\x00\x00\x00\x00\x00\x00\x00\x00...\x00\x00\x00\x00\x00\x00\x00\x00\x00\x00\x00\x00\x00\x00\x00}
14:17:11.249 [jetty task-18] DEBUG org.eclipse.jetty.server.HttpConnection - HttpConnection@31ad40e4[p=HttpParser{s=START,0 of 0},g=HttpGenerator@4045d139{s=START}]=>HttpChannelOverHttp@49adbb1b{r=0,c=false,a=IDLE,uri=null}<-SocketChannelEndPoint@206a2e76{/127.0.0.1:55860<->/127.0.0.1:8080,OPEN,fill=-,flush=-,to=0/0}{io=1/0,kio=1,kro=1}->HttpConnection@31ad40e4[p=HttpParser{s=START,0 of 0},g=HttpGenerator@4045d139{s=START}]=>HttpChannelOverHttp@49adbb1b{r=0,c=false,a=IDLE,uri=null} parse HeapByteBuffer@5a112485[p=0,l=343,c=8192,r=343]={<<<POST /account/cre...\n\r\nbalance=5000>>>\x00\x00\x00\x00\x00\x00\x00\x00\x00\x00\x00\x00\x00\x00\x00\x00\x00...\x00\x00\x00\x00\x00\x00\x00\x00\x00\x00\x00\x00\x00\x00\x00} {}
14:17:11.249 [jetty task-18] DEBUG org.eclipse.jetty.http.HttpParser - parseNext s=START HeapByteBuffer@5a112485[p=0,l=343,c=8192,r=343]={<<<POST /account/cre...\n\r\nbalance=5000>>>\x00\x00\x00\x00\x00\x00\x00\x00\x00\x00\x00\x00\x00\x00\x00\x00\x00...\x00\x00\x00\x00\x00\x00\x00\x00\x00\x00\x00\x00\x00\x00\x00}
14:17:11.249 [jetty task-18] DEBUG org.eclipse.jetty.http.HttpParser - START --> SPACE1
14:17:11.249 [jetty task-18] DEBUG org.eclipse.jetty.http.HttpParser - SPACE1 --> URI
14:17:11.249 [jetty task-18] DEBUG org.eclipse.jetty.http.HttpParser - URI --> SPACE2
14:17:11.249 [jetty task-18] DEBUG org.eclipse.jetty.http.HttpParser - SPACE2 --> REQUEST_VERSION
14:17:11.249 [jetty task-18] DEBUG org.eclipse.jetty.http.HttpParser - REQUEST_VERSION --> HEADER
14:17:11.249 [jetty task-18] DEBUG org.eclipse.jetty.http.HttpParser - HEADER:null --> VALUE
14:17:11.249 [jetty task-18] DEBUG org.eclipse.jetty.http.HttpParser - HEADER:null --> IN_VALUE
14:17:11.249 [jetty task-18] DEBUG org.eclipse.jetty.http.HttpParser - HEADER:null --> FIELD
14:17:11.249 [jetty task-18] DEBUG org.eclipse.jetty.http.HttpParser - HEADER:Content-Type: application/x-www-form-urlencoded; charset=ISO-8859-1 --> IN_VALUE
14:17:11.249 [jetty task-18] DEBUG org.eclipse.jetty.http.HttpParser - HEADER:Content-Type: application/x-www-form-urlencoded; charset=ISO-8859-1 --> FIELD
14:17:11.249 [jetty task-18] DEBUG org.eclipse.jetty.http.HttpParser - HEADER:null --> VALUE
14:17:11.250 [jetty task-18] DEBUG org.eclipse.jetty.http.HttpParser - HEADER:null --> IN_VALUE
14:17:11.250 [jetty task-18] DEBUG org.eclipse.jetty.http.HttpParser - HEADER:null --> FIELD
14:17:11.250 [jetty task-18] DEBUG org.eclipse.jetty.http.HttpParser - HEADER:null --> VALUE
14:17:11.251 [jetty task-18] DEBUG org.eclipse.jetty.http.HttpParser - HEADER:null --> IN_VALUE
14:17:11.251 [jetty task-18] DEBUG org.eclipse.jetty.http.HttpParser - HEADER:null --> FIELD
14:17:11.251 [jetty task-18] DEBUG org.eclipse.jetty.http.HttpParser - HEADER:Connection: keep-alive --> IN_VALUE
14:17:11.251 [jetty task-18] DEBUG org.eclipse.jetty.http.HttpParser - HEADER:Connection: keep-alive --> FIELD
14:17:11.251 [jetty task-18] DEBUG org.eclipse.jetty.http.HttpParser - HEADER:null --> VALUE
14:17:11.251 [jetty task-18] DEBUG org.eclipse.jetty.http.HttpParser - HEADER:null --> IN_VALUE
14:17:11.252 [jetty task-18] DEBUG org.eclipse.jetty.http.HttpParser - HEADER:null --> FIELD
14:17:11.252 [jetty task-18] DEBUG org.eclipse.jetty.http.HttpParser - HEADER:null --> IN_VALUE
14:17:11.252 [jetty task-18] DEBUG org.eclipse.jetty.http.HttpParser - HEADER:null --> FIELD
14:17:11.252 [jetty task-18] DEBUG org.eclipse.jetty.http.HttpParser - HEADER --> CONTENT
14:17:11.253 [jetty task-18] DEBUG org.eclipse.jetty.server.HttpChannel - REQUEST for //localhost:8080/account/create on HttpChannelOverHttp@49adbb1b{r=1,c=false,a=IDLE,uri=//localhost:8080/account/create}
POST //localhost:8080/account/create HTTP/1.1
Accept: application/json, application/javascript, text/javascript, text/json
Content-Type: application/x-www-form-urlencoded; charset=ISO-8859-1
Content-Length: 12
Host: localhost:8080
Connection: keep-alive
User-Agent: Apache-HttpClient/4.5.3 (Java/1.8.0_121)
Accept-Encoding: gzip,deflate


14:17:11.253 [jetty task-18] DEBUG org.eclipse.jetty.server.HttpConnection - HttpConnection@31ad40e4[p=HttpParser{s=CONTENT,0 of 12},g=HttpGenerator@4045d139{s=START}]=>HttpChannelOverHttp@49adbb1b{r=1,c=false,a=IDLE,uri=//localhost:8080/account/create}<-SocketChannelEndPoint@206a2e76{/127.0.0.1:55860<->/127.0.0.1:8080,OPEN,fill=-,flush=-,to=5/0}{io=1/0,kio=1,kro=1}->HttpConnection@31ad40e4[p=HttpParser{s=CONTENT,0 of 12},g=HttpGenerator@4045d139{s=START}]=>HttpChannelOverHttp@49adbb1b{r=1,c=false,a=IDLE,uri=//localhost:8080/account/create} parsed true HttpParser{s=CONTENT,0 of 12}
14:17:11.253 [jetty task-18] DEBUG org.eclipse.jetty.server.HttpChannel - HttpChannelOverHttp@49adbb1b{r=1,c=false,a=IDLE,uri=//localhost:8080/account/create} handle //localhost:8080/account/create 
14:17:11.253 [jetty task-18] DEBUG org.eclipse.jetty.server.HttpChannelState - handling HttpChannelState@11808b2f{s=IDLE a=NOT_ASYNC i=true r=NONE/false w=false}
14:17:11.253 [jetty task-18] DEBUG org.eclipse.jetty.server.HttpChannel - HttpChannelOverHttp@49adbb1b{r=1,c=false,a=DISPATCHED,uri=//localhost:8080/account/create} action DISPATCH
14:17:11.253 [jetty task-18] DEBUG org.eclipse.jetty.server.Server - REQUEST POST /account/create on HttpChannelOverHttp@49adbb1b{r=1,c=false,a=DISPATCHED,uri=//localhost:8080/account/create}
14:17:11.253 [jetty task-18] DEBUG org.eclipse.jetty.server.handler.ContextHandler - scope null||/account/create @ o.e.j.s.h.ContextHandler@38453928{/,null,AVAILABLE}
14:17:11.253 [jetty task-18] DEBUG org.eclipse.jetty.server.handler.ContextHandler - context=||/account/create @ o.e.j.s.h.ContextHandler@38453928{/,null,AVAILABLE}
14:17:11.255 [jetty task-18] DEBUG org.eclipse.jetty.server.HttpConnection - HttpConnection@31ad40e4[p=HttpParser{s=CONTENT,0 of 12},g=HttpGenerator@4045d139{s=START}]=>HttpChannelOverHttp@49adbb1b{r=1,c=false,a=DISPATCHED,uri=//localhost:8080/account/create}<-SocketChannelEndPoint@206a2e76{/127.0.0.1:55860<->/127.0.0.1:8080,OPEN,fill=-,flush=-,to=7/0}{io=1/0,kio=1,kro=1}->HttpConnection@31ad40e4[p=HttpParser{s=CONTENT,0 of 12},g=HttpGenerator@4045d139{s=START}]=>HttpChannelOverHttp@49adbb1b{r=1,c=false,a=DISPATCHED,uri=//localhost:8080/account/create} parse HeapByteBuffer@5a112485[p=331,l=343,c=8192,r=12]={POST /account/cre...zip,deflate\r\n\r\n<<<balance=5000>>>\x00\x00\x00\x00\x00\x00\x00\x00\x00\x00\x00\x00\x00\x00\x00\x00\x00...\x00\x00\x00\x00\x00\x00\x00\x00\x00\x00\x00\x00\x00\x00\x00} {}
14:17:11.255 [jetty task-18] DEBUG org.eclipse.jetty.http.HttpParser - parseNext s=CONTENT HeapByteBuffer@5a112485[p=331,l=343,c=8192,r=12]={POST /account/cre...zip,deflate\r\n\r\n<<<balance=5000>>>\x00\x00\x00\x00\x00\x00\x00\x00\x00\x00\x00\x00\x00\x00\x00\x00\x00...\x00\x00\x00\x00\x00\x00\x00\x00\x00\x00\x00\x00\x00\x00\x00}
14:17:11.255 [jetty task-18] DEBUG org.eclipse.jetty.server.HttpChannel - HttpChannelOverHttp@49adbb1b{r=1,c=false,a=DISPATCHED,uri=//localhost:8080/account/create} onContent Content@71d8e917{HeapByteBufferR@2aa92da8[p=331,l=343,c=8192,r=12]={POST /account/cre...zip,deflate\r\n\r\n<<<balance=5000>>>\x00\x00\x00\x00\x00\x00\x00\x00\x00\x00\x00\x00\x00\x00\x00\x00\x00...\x00\x00\x00\x00\x00\x00\x00\x00\x00\x00\x00\x00\x00\x00\x00}}
14:17:11.255 [jetty task-18] DEBUG org.eclipse.jetty.server.HttpInput - HttpInputOverHTTP@440beddd[c=0,q=0,[0]=null,s=STREAM] addContent Content@71d8e917{HeapByteBufferR@2aa92da8[p=331,l=343,c=8192,r=12]={POST /account/cre...zip,deflate\r\n\r\n<<<balance=5000>>>\x00\x00\x00\x00\x00\x00\x00\x00\x00\x00\x00\x00\x00\x00\x00\x00\x00...\x00\x00\x00\x00\x00\x00\x00\x00\x00\x00\x00\x00\x00\x00\x00}}
14:17:11.255 [jetty task-18] DEBUG org.eclipse.jetty.http.HttpParser - CONTENT --> END
14:17:11.255 [jetty task-18] DEBUG org.eclipse.jetty.server.HttpChannel - HttpChannelOverHttp@49adbb1b{r=1,c=false,a=DISPATCHED,uri=//localhost:8080/account/create} onContentComplete
[...]
14:17:11.934 [jetty task-22] DEBUG org.eclipse.jetty.http.HttpParser - close HttpParser{s=START,0 of -1}
14:17:11.934 [jetty task-22] DEBUG org.eclipse.jetty.http.HttpParser - START --> CLOSE
14:17:11.934 [jetty task-22] DEBUG org.eclipse.jetty.io.AbstractConnection - HttpConnection@32b975a0[p=HttpParser{s=CLOSE,0 of -1},g=HttpGenerator@59916f2e{s=START}]=>HttpChannelOverHttp@1b61caf2{r=1,c=false,a=IDLE,uri=null}<-SocketChannelEndPoint@303b7f16{/127.0.0.1:55865<->/127.0.0.1:8080,CLOSED,fill=-,flush=-,to=268/0}{io=1/1,kio=-1,kro=-1}->HttpConnection@32b975a0[p=HttpParser{s=CLOSE,0 of -1},g=HttpGenerator@59916f2e{s=START}]=>HttpChannelOverHttp@1b61caf2{r=1,c=false,a=IDLE,uri=null} onFillInterestedFailed {}
14:17:11.934 [jetty task-22] DEBUG org.eclipse.jetty.io.ManagedSelector - Queued change org.eclipse.jetty.io.ManagedSelector$$Lambda$172/1281113573@2bd5bc03 on org.eclipse.jetty.io.ManagedSelector@584047b5 id=0 keys=5 selected=0
14:17:11.934 [jetty task-22] DEBUG org.eclipse.jetty.util.thread.strategy.ExecutingExecutionStrategy - EPC Pend/org.eclipse.jetty.io.ManagedSelector$SelectorProducer@6ec67bbc invoked org.eclipse.jetty.io.ManagedSelector$EndPointCloser@358f9284
14:17:11.934 [jetty task-22] DEBUG org.eclipse.jetty.util.thread.strategy.ExecuteProduceConsume - EPC Pend/org.eclipse.jetty.io.ManagedSelector$SelectorProducer@6ec67bbc ran org.eclipse.jetty.io.ManagedSelector$EndPointCloser@358f9284
14:17:11.934 [jetty task-22] DEBUG org.eclipse.jetty.util.thread.strategy.ExecuteProduceConsume - EPC Prod/Pend/org.eclipse.jetty.io.ManagedSelector$SelectorProducer@6ec67bbc producing
14:17:11.934 [jetty task-22] DEBUG org.eclipse.jetty.util.thread.strategy.ExecuteProduceConsume - EPC Prod/Pend/org.eclipse.jetty.io.ManagedSelector$SelectorProducer@6ec67bbc produced org.eclipse.jetty.io.ManagedSelector$$Lambda$172/1281113573@2715a63a
14:17:11.935 [jetty task-22] DEBUG org.eclipse.jetty.util.thread.strategy.ExecuteProduceConsume - EPC Pend/org.eclipse.jetty.io.ManagedSelector$SelectorProducer@6ec67bbc run org.eclipse.jetty.io.ManagedSelector$$Lambda$172/1281113573@2715a63a
14:17:11.935 [jetty task-22] DEBUG org.eclipse.jetty.util.thread.strategy.ExecutingExecutionStrategy - EPC Pend/org.eclipse.jetty.io.ManagedSelector$SelectorProducer@6ec67bbc invoke  org.eclipse.jetty.io.ManagedSelector$$Lambda$172/1281113573@2715a63a
14:17:11.935 [jetty task-22] DEBUG org.eclipse.jetty.io.ManagedSelector - Destroyed SocketChannelEndPoint@1f451c9e{/127.0.0.1:55863<->/127.0.0.1:8080,CLOSED,fill=-,flush=-,to=327/0}{io=1/1,kio=-1,kro=-1}->HttpConnection@6bd77bce[p=HttpParser{s=CLOSE,0 of -1},g=HttpGenerator@5cc13bc6{s=START}]=>HttpChannelOverHttp@5a478112{r=1,c=false,a=IDLE,uri=null}
14:17:11.935 [jetty task-22] DEBUG org.eclipse.jetty.io.AbstractConnection - onClose HttpConnection@6bd77bce[p=HttpParser{s=CLOSE,0 of -1},g=HttpGenerator@5cc13bc6{s=START}]=>HttpChannelOverHttp@5a478112{r=1,c=false,a=IDLE,uri=null}<-SocketChannelEndPoint@1f451c9e{/127.0.0.1:55863<->/127.0.0.1:8080,CLOSED,fill=-,flush=-,to=327/0}{io=1/1,kio=-1,kro=-1}->HttpConnection@6bd77bce[p=HttpParser{s=CLOSE,0 of -1},g=HttpGenerator@5cc13bc6{s=START}]=>HttpChannelOverHttp@5a478112{r=1,c=false,a=IDLE,uri=null}
14:17:11.935 [jetty task-22] DEBUG org.eclipse.jetty.util.thread.strategy.ExecutingExecutionStrategy - EPC Pend/org.eclipse.jetty.io.ManagedSelector$SelectorProducer@6ec67bbc invoked org.eclipse.jetty.io.ManagedSelector$$Lambda$172/1281113573@2715a63a
14:17:11.935 [jetty task-22] DEBUG org.eclipse.jetty.util.thread.strategy.ExecuteProduceConsume - EPC Pend/org.eclipse.jetty.io.ManagedSelector$SelectorProducer@6ec67bbc ran org.eclipse.jetty.io.ManagedSelector$$Lambda$172/1281113573@2715a63a
14:17:11.935 [jetty task-22] DEBUG org.eclipse.jetty.util.thread.strategy.ExecuteProduceConsume - EPC Prod/Pend/org.eclipse.jetty.io.ManagedSelector$SelectorProducer@6ec67bbc producing
14:17:11.935 [jetty task-22] DEBUG org.eclipse.jetty.util.thread.strategy.ExecuteProduceConsume - EPC Prod/Pend/org.eclipse.jetty.io.ManagedSelector$SelectorProducer@6ec67bbc produced org.eclipse.jetty.io.ManagedSelector$$Lambda$172/1281113573@38e7b70e
14:17:11.935 [jetty task-22] DEBUG org.eclipse.jetty.util.thread.strategy.ExecuteProduceConsume - EPC Pend/org.eclipse.jetty.io.ManagedSelector$SelectorProducer@6ec67bbc run org.eclipse.jetty.io.ManagedSelector$$Lambda$172/1281113573@38e7b70e
14:17:11.935 [jetty task-22] DEBUG org.eclipse.jetty.util.thread.strategy.ExecutingExecutionStrategy - EPC Pend/org.eclipse.jetty.io.ManagedSelector$SelectorProducer@6ec67bbc invoke  org.eclipse.jetty.io.ManagedSelector$$Lambda$172/1281113573@38e7b70e
14:17:11.935 [jetty task-22] DEBUG org.eclipse.jetty.io.ManagedSelector - Destroyed SocketChannelEndPoint@2e1031fa{/127.0.0.1:55859<->/127.0.0.1:8080,CLOSED,fill=-,flush=-,to=818/0}{io=1/1,kio=-1,kro=-1}->HttpConnection@330fe33[p=HttpParser{s=CLOSE,0 of -1},g=HttpGenerator@1e749c33{s=START}]=>HttpChannelOverHttp@a42a012{r=1,c=false,a=IDLE,uri=null}
14:17:11.935 [jetty task-22] DEBUG org.eclipse.jetty.io.AbstractConnection - onClose HttpConnection@330fe33[p=HttpParser{s=CLOSE,0 of -1},g=HttpGenerator@1e749c33{s=START}]=>HttpChannelOverHttp@a42a012{r=1,c=false,a=IDLE,uri=null}<-SocketChannelEndPoint@2e1031fa{/127.0.0.1:55859<->/127.0.0.1:8080,CLOSED,fill=-,flush=-,to=818/0}{io=1/1,kio=-1,kro=-1}->HttpConnection@330fe33[p=HttpParser{s=CLOSE,0 of -1},g=HttpGenerator@1e749c33{s=START}]=>HttpChannelOverHttp@a42a012{r=1,c=false,a=IDLE,uri=null}
14:17:11.935 [jetty task-22] DEBUG org.eclipse.jetty.util.thread.strategy.ExecutingExecutionStrategy - EPC Pend/org.eclipse.jetty.io.ManagedSelector$SelectorProducer@6ec67bbc invoked org.eclipse.jetty.io.ManagedSelector$$Lambda$172/1281113573@38e7b70e
14:17:11.935 [jetty task-22] DEBUG org.eclipse.jetty.util.thread.strategy.ExecuteProduceConsume - EPC Pend/org.eclipse.jetty.io.ManagedSelector$SelectorProducer@6ec67bbc ran org.eclipse.jetty.io.ManagedSelector$$Lambda$172/1281113573@38e7b70e
14:17:11.935 [jetty task-22] DEBUG org.eclipse.jetty.util.thread.strategy.ExecuteProduceConsume - EPC Prod/Pend/org.eclipse.jetty.io.ManagedSelector$SelectorProducer@6ec67bbc producing
14:17:11.935 [jetty task-22] DEBUG org.eclipse.jetty.util.thread.strategy.ExecuteProduceConsume - EPC Prod/Pend/org.eclipse.jetty.io.ManagedSelector$SelectorProducer@6ec67bbc produced org.eclipse.jetty.io.ManagedSelector$$Lambda$172/1281113573@68a94e53
14:17:11.935 [jetty task-22] DEBUG org.eclipse.jetty.util.thread.strategy.ExecuteProduceConsume - EPC Pend/org.eclipse.jetty.io.ManagedSelector$SelectorProducer@6ec67bbc run org.eclipse.jetty.io.ManagedSelector$$Lambda$172/1281113573@68a94e53
14:17:11.935 [jetty task-22] DEBUG org.eclipse.jetty.util.thread.strategy.ExecutingExecutionStrategy - EPC Pend/org.eclipse.jetty.io.ManagedSelector$SelectorProducer@6ec67bbc invoke  org.eclipse.jetty.io.ManagedSelector$$Lambda$172/1281113573@68a94e53
14:17:11.935 [jetty task-22] DEBUG org.eclipse.jetty.io.ManagedSelector - Destroyed SocketChannelEndPoint@62df741c{/127.0.0.1:55869<->/127.0.0.1:8080,CLOSED,fill=-,flush=-,to=100/0}{io=1/1,kio=-1,kro=-1}->HttpConnection@9004351[p=HttpParser{s=CLOSE,0 of -1},g=HttpGenerator@1066b9f9{s=START}]=>HttpChannelOverHttp@3695a3f3{r=1,c=false,a=IDLE,uri=null}
14:17:11.935 [jetty task-22] DEBUG org.eclipse.jetty.io.AbstractConnection - onClose HttpConnection@9004351[p=HttpParser{s=CLOSE,0 of -1},g=HttpGenerator@1066b9f9{s=START}]=>HttpChannelOverHttp@3695a3f3{r=1,c=false,a=IDLE,uri=null}<-SocketChannelEndPoint@62df741c{/127.0.0.1:55869<->/127.0.0.1:8080,CLOSED,fill=-,flush=-,to=100/0}{io=1/1,kio=-1,kro=-1}->HttpConnection@9004351[p=HttpParser{s=CLOSE,0 of -1},g=HttpGenerator@1066b9f9{s=START}]=>HttpChannelOverHttp@3695a3f3{r=1,c=false,a=IDLE,uri=null}
14:17:11.936 [jetty task-22] DEBUG org.eclipse.jetty.util.thread.strategy.ExecutingExecutionStrategy - EPC Pend/org.eclipse.jetty.io.ManagedSelector$SelectorProducer@6ec67bbc invoked org.eclipse.jetty.io.ManagedSelector$$Lambda$172/1281113573@68a94e53
14:17:11.936 [jetty task-22] DEBUG org.eclipse.jetty.util.thread.strategy.ExecuteProduceConsume - EPC Pend/org.eclipse.jetty.io.ManagedSelector$SelectorProducer@6ec67bbc ran org.eclipse.jetty.io.ManagedSelector$$Lambda$172/1281113573@68a94e53
14:17:11.936 [jetty task-22] DEBUG org.eclipse.jetty.util.thread.strategy.ExecuteProduceConsume - EPC Prod/Pend/org.eclipse.jetty.io.ManagedSelector$SelectorProducer@6ec67bbc producing
14:17:11.936 [jetty task-22] DEBUG org.eclipse.jetty.util.thread.strategy.ExecuteProduceConsume - EPC Prod/Pend/org.eclipse.jetty.io.ManagedSelector$SelectorProducer@6ec67bbc produced org.eclipse.jetty.io.ManagedSelector$$Lambda$172/1281113573@21fbea70
14:17:11.936 [jetty task-22] DEBUG org.eclipse.jetty.util.thread.strategy.ExecuteProduceConsume - EPC Pend/org.eclipse.jetty.io.ManagedSelector$SelectorProducer@6ec67bbc run org.eclipse.jetty.io.ManagedSelector$$Lambda$172/1281113573@21fbea70
14:17:11.936 [jetty task-22] DEBUG org.eclipse.jetty.util.thread.strategy.ExecutingExecutionStrategy - EPC Pend/org.eclipse.jetty.io.ManagedSelector$SelectorProducer@6ec67bbc invoke  org.eclipse.jetty.io.ManagedSelector$$Lambda$172/1281113573@21fbea70
14:17:11.936 [jetty task-22] DEBUG org.eclipse.jetty.io.ManagedSelector - Destroyed SocketChannelEndPoint@4f49e23f{/127.0.0.1:55871<->/127.0.0.1:8080,CLOSED,fill=-,flush=-,to=61/0}{io=1/1,kio=-1,kro=-1}->HttpConnection@5f84a5a8[p=HttpParser{s=CLOSE,0 of -1},g=HttpGenerator@5fdcec7d{s=START}]=>HttpChannelOverHttp@6935edab{r=1,c=false,a=IDLE,uri=null}
14:17:11.936 [jetty task-22] DEBUG org.eclipse.jetty.io.AbstractConnection - onClose HttpConnection@5f84a5a8[p=HttpParser{s=CLOSE,0 of -1},g=HttpGenerator@5fdcec7d{s=START}]=>HttpChannelOverHttp@6935edab{r=1,c=false,a=IDLE,uri=null}<-SocketChannelEndPoint@4f49e23f{/127.0.0.1:55871<->/127.0.0.1:8080,CLOSED,fill=-,flush=-,to=61/0}{io=1/1,kio=-1,kro=-1}->HttpConnection@5f84a5a8[p=HttpParser{s=CLOSE,0 of -1},g=HttpGenerator@5fdcec7d{s=START}]=>HttpChannelOverHttp@6935edab{r=1,c=false,a=IDLE,uri=null}
14:17:11.936 [jetty task-22] DEBUG org.eclipse.jetty.util.thread.strategy.ExecutingExecutionStrategy - EPC Pend/org.eclipse.jetty.io.ManagedSelector$SelectorProducer@6ec67bbc invoked org.eclipse.jetty.io.ManagedSelector$$Lambda$172/1281113573@21fbea70
14:17:11.936 [jetty task-22] DEBUG org.eclipse.jetty.util.thread.strategy.ExecuteProduceConsume - EPC Pend/org.eclipse.jetty.io.ManagedSelector$SelectorProducer@6ec67bbc ran org.eclipse.jetty.io.ManagedSelector$$Lambda$172/1281113573@21fbea70
14:17:11.936 [jetty task-22] DEBUG org.eclipse.jetty.util.thread.strategy.ExecuteProduceConsume - EPC Prod/Pend/org.eclipse.jetty.io.ManagedSelector$SelectorProducer@6ec67bbc producing
14:17:11.936 [jetty task-22] DEBUG org.eclipse.jetty.util.thread.strategy.ExecuteProduceConsume - EPC Prod/Pend/org.eclipse.jetty.io.ManagedSelector$SelectorProducer@6ec67bbc produced org.eclipse.jetty.io.ManagedSelector$$Lambda$172/1281113573@2bd5bc03
14:17:11.936 [jetty task-22] DEBUG org.eclipse.jetty.util.thread.strategy.ExecuteProduceConsume - EPC Pend/org.eclipse.jetty.io.ManagedSelector$SelectorProducer@6ec67bbc run org.eclipse.jetty.io.ManagedSelector$$Lambda$172/1281113573@2bd5bc03
14:17:11.936 [jetty task-22] DEBUG org.eclipse.jetty.util.thread.strategy.ExecutingExecutionStrategy - EPC Pend/org.eclipse.jetty.io.ManagedSelector$SelectorProducer@6ec67bbc invoke  org.eclipse.jetty.io.ManagedSelector$$Lambda$172/1281113573@2bd5bc03
14:17:11.936 [jetty task-22] DEBUG org.eclipse.jetty.io.ManagedSelector - Destroyed SocketChannelEndPoint@303b7f16{/127.0.0.1:55865<->/127.0.0.1:8080,CLOSED,fill=-,flush=-,to=270/0}{io=1/1,kio=-1,kro=-1}->HttpConnection@32b975a0[p=HttpParser{s=CLOSE,0 of -1},g=HttpGenerator@59916f2e{s=START}]=>HttpChannelOverHttp@1b61caf2{r=1,c=false,a=IDLE,uri=null}
14:17:11.936 [jetty task-22] DEBUG org.eclipse.jetty.io.AbstractConnection - onClose HttpConnection@32b975a0[p=HttpParser{s=CLOSE,0 of -1},g=HttpGenerator@59916f2e{s=START}]=>HttpChannelOverHttp@1b61caf2{r=1,c=false,a=IDLE,uri=null}<-SocketChannelEndPoint@303b7f16{/127.0.0.1:55865<->/127.0.0.1:8080,CLOSED,fill=-,flush=-,to=270/0}{io=1/1,kio=-1,kro=-1}->HttpConnection@32b975a0[p=HttpParser{s=CLOSE,0 of -1},g=HttpGenerator@59916f2e{s=START}]=>HttpChannelOverHttp@1b61caf2{r=1,c=false,a=IDLE,uri=null}
14:17:11.936 [jetty task-22] DEBUG org.eclipse.jetty.util.thread.strategy.ExecutingExecutionStrategy - EPC Pend/org.eclipse.jetty.io.ManagedSelector$SelectorProducer@6ec67bbc invoked org.eclipse.jetty.io.ManagedSelector$$Lambda$172/1281113573@2bd5bc03
14:17:11.936 [jetty task-22] DEBUG org.eclipse.jetty.util.thread.strategy.ExecuteProduceConsume - EPC Pend/org.eclipse.jetty.io.ManagedSelector$SelectorProducer@6ec67bbc ran org.eclipse.jetty.io.ManagedSelector$$Lambda$172/1281113573@2bd5bc03
14:17:11.936 [jetty task-22] DEBUG org.eclipse.jetty.util.thread.strategy.ExecuteProduceConsume - EPC Prod/Pend/org.eclipse.jetty.io.ManagedSelector$SelectorProducer@6ec67bbc producing
14:17:11.936 [jetty task-22] DEBUG org.eclipse.jetty.io.ManagedSelector - Selector loop waiting on select
14:17:11.936 [jetty task-16] DEBUG org.eclipse.jetty.util.thread.QueuedThreadPool - run EPC Prod/Pend/org.eclipse.jetty.io.ManagedSelector$SelectorProducer@6ec67bbc
14:17:11.936 [jetty task-16] DEBUG org.eclipse.jetty.util.thread.strategy.ExecuteProduceConsume - EPC Prod/Pend/org.eclipse.jetty.io.ManagedSelector$SelectorProducer@6ec67bbc run
14:17:11.936 [jetty task-16] DEBUG org.eclipse.jetty.util.thread.QueuedThreadPool - ran EPC Prod/org.eclipse.jetty.io.ManagedSelector$SelectorProducer@6ec67bbc
14:17:11.936 [Test worker] DEBUG org.eclipse.jetty.io.ManagedSelector - Queued change org.eclipse.jetty.io.ManagedSelector$CloseSelector@177507bb on org.eclipse.jetty.io.ManagedSelector@584047b5 id=0 keys=0 selected=0
14:17:11.936 [jetty task-22] DEBUG org.eclipse.jetty.io.ManagedSelector - Selector loop woken up from select, 0/0 selected
14:17:11.936 [jetty task-22] DEBUG org.eclipse.jetty.io.ManagedSelector - Running action org.eclipse.jetty.io.ManagedSelector$CloseSelector@177507bb
14:17:11.936 [jetty task-22] DEBUG org.eclipse.jetty.util.thread.strategy.ExecuteProduceConsume - EPC Prod/org.eclipse.jetty.io.ManagedSelector$SelectorProducer@6ec67bbc produced null
14:17:11.936 [jetty task-22] DEBUG org.eclipse.jetty.util.thread.strategy.ExecuteProduceConsume - EPC Idle/org.eclipse.jetty.io.ManagedSelector$SelectorProducer@6ec67bbc produce exit
14:17:11.936 [jetty task-22] DEBUG org.eclipse.jetty.util.thread.QueuedThreadPool - ran EPC Idle/org.eclipse.jetty.io.ManagedSelector$SelectorProducer@6ec67bbc
14:17:11.936 [Test worker] DEBUG org.eclipse.jetty.io.ManagedSelector - Stopped org.eclipse.jetty.io.ManagedSelector@584047b5 id=0 keys=-1 selected=-1
14:17:11.936 [Test worker] DEBUG org.eclipse.jetty.util.component.AbstractLifeCycle - STOPPED org.eclipse.jetty.io.ManagedSelector@584047b5 id=0 keys=-1 selected=-1
14:17:11.936 [Test worker] DEBUG org.eclipse.jetty.util.component.AbstractLifeCycle - STOPPED org.eclipse.jetty.server.ServerConnector$ServerConnectorManager@30ab28be
14:17:11.936 [Test worker] DEBUG org.eclipse.jetty.util.component.AbstractLifeCycle - stopping HttpConnectionFactory@4edb3e8d[HTTP/1.1]
14:17:11.937 [Test worker] DEBUG org.eclipse.jetty.util.component.AbstractLifeCycle - STOPPED HttpConnectionFactory@4edb3e8d[HTTP/1.1]
14:17:11.937 [Test worker] DEBUG org.eclipse.jetty.util.component.AbstractLifeCycle - stopping org.eclipse.jetty.util.thread.ScheduledExecutorScheduler@47909c2d
14:17:11.937 [Test worker] DEBUG org.eclipse.jetty.util.component.AbstractLifeCycle - STOPPED org.eclipse.jetty.util.thread.ScheduledExecutorScheduler@47909c2d
14:17:11.937 [Test worker] INFO org.eclipse.jetty.server.AbstractConnector - Stopped ServerConnector@53bd4614{HTTP/1.1,[http/1.1]}{localhost:8080}
14:17:11.937 [Test worker] DEBUG org.eclipse.jetty.util.component.AbstractLifeCycle - STOPPED ServerConnector@53bd4614{HTTP/1.1,[http/1.1]}{localhost:8080}
14:17:11.937 [Test worker] DEBUG org.eclipse.jetty.server.handler.AbstractHandler - stopping org.eclipse.jetty.server.Server@11daaf
14:17:11.937 [Test worker] DEBUG org.eclipse.jetty.util.component.AbstractLifeCycle - stopping org.eclipse.jetty.server.handler.ErrorHandler@2f7963f8
14:17:11.937 [Test worker] DEBUG org.eclipse.jetty.server.handler.AbstractHandler - stopping org.eclipse.jetty.server.handler.ErrorHandler@2f7963f8
14:17:11.937 [Test worker] DEBUG org.eclipse.jetty.util.component.AbstractLifeCycle - STOPPED org.eclipse.jetty.server.handler.ErrorHandler@2f7963f8
14:17:11.937 [Test worker] DEBUG org.eclipse.jetty.util.component.AbstractLifeCycle - stopping o.e.j.s.h.ContextHandler@38453928{/,null,SHUTDOWN}
14:17:11.937 [Test worker] DEBUG org.eclipse.jetty.server.handler.AbstractHandler - stopping o.e.j.s.h.ContextHandler@38453928{/,null,UNAVAILABLE}
14:17:11.937 [Test worker] DEBUG org.eclipse.jetty.util.component.AbstractLifeCycle - stopping org.jooby.internal.jetty.JettyHandler@3f024c6a
14:17:11.937 [Test worker] DEBUG org.eclipse.jetty.server.handler.AbstractHandler - stopping org.jooby.internal.jetty.JettyHandler@3f024c6a
14:17:11.937 [Test worker] DEBUG org.eclipse.jetty.util.component.AbstractLifeCycle - stopping org.eclipse.jetty.websocket.server.WebSocketServerFactory@762f7b73
14:17:11.937 [Test worker] DEBUG org.eclipse.jetty.util.component.AbstractLifeCycle - stopping org.eclipse.jetty.util.thread.ScheduledExecutorScheduler@3e2dfe61
14:17:11.937 [Test worker] DEBUG org.eclipse.jetty.util.component.AbstractLifeCycle - STOPPED org.eclipse.jetty.util.thread.ScheduledExecutorScheduler@3e2dfe61
14:17:11.937 [Test worker] DEBUG org.eclipse.jetty.util.component.AbstractLifeCycle - STOPPED org.eclipse.jetty.websocket.server.WebSocketServerFactory@762f7b73
14:17:11.937 [Test worker] DEBUG org.eclipse.jetty.util.component.AbstractLifeCycle - STOPPED org.jooby.internal.jetty.JettyHandler@3f024c6a
14:17:11.938 [Test worker] INFO org.eclipse.jetty.server.handler.ContextHandler - Stopped o.e.j.s.h.ContextHandler@38453928{/,null,UNAVAILABLE}
14:17:11.938 [Test worker] DEBUG org.eclipse.jetty.util.component.AbstractLifeCycle - STOPPED o.e.j.s.h.ContextHandler@38453928{/,null,UNAVAILABLE}
14:17:11.938 [Test worker] DEBUG org.eclipse.jetty.util.component.AbstractLifeCycle - stopping jetty task{STARTED,4<=14<=32,i=4,q=0}
14:17:11.985 [jetty task-19-lowPrioritySelector] DEBUG org.eclipse.jetty.util.thread.strategy.ProduceExecuteConsume - org.eclipse.jetty.io.ManagedSelector$SelectorProducer@6f90d7cf produced null
14:17:11.985 [jetty task-19] DEBUG org.eclipse.jetty.util.thread.QueuedThreadPool - ran org.eclipse.jetty.io.ManagedSelector$$Lambda$112/443976155@12a5df8
14:17:11.986 [jetty task-17-lowPrioritySelector] DEBUG org.eclipse.jetty.util.thread.strategy.ProduceExecuteConsume - org.eclipse.jetty.io.ManagedSelector$SelectorProducer@6ec67bbc produced null
14:17:11.986 [jetty task-17] DEBUG org.eclipse.jetty.util.thread.QueuedThreadPool - ran org.eclipse.jetty.io.ManagedSelector$$Lambda$112/443976155@6e91a6b7
14:17:11.986 [Test worker] DEBUG org.eclipse.jetty.util.component.AbstractLifeCycle - STOPPED jetty task{STOPPED,4<=14<=32,i=0,q=0}
14:17:11.986 [Test worker] DEBUG org.eclipse.jetty.util.component.AbstractLifeCycle - STOPPED org.eclipse.jetty.server.Server@11daaf
14:17:11.987 [Test worker] INFO com.revolut.Application - Stopped
]]></system-out>
  <system-err><![CDATA[]]></system-err>
</testsuite>
